Copyright 1986-2022 Xilinx, Inc. All Rights Reserved. Copyright 2022-2023 Advanced Micro Devices, Inc. All Rights Reserved.
--------------------------------------------------------------------------------------------------------------------------------------------------
| Tool Version      : Vivado v.2023.2 (lin64) Build 4029153 Fri Oct 13 20:13:54 MDT 2023
| Date              : Mon May 13 15:43:33 2024
| Host              : WD850X2TB running 64-bit Ubuntu 22.04.4 LTS
| Command           : report_timing_summary -file ./results/timing.rpt
| Design            : top
| Device            : xcau15p-ffvb676
| Speed File        : -2  PRODUCTION 1.30 03-14-2023
| Design State      : Routed
| Temperature Grade : I
--------------------------------------------------------------------------------------------------------------------------------------------------

Timing Summary Report

------------------------------------------------------------------------------------------------
| Timer Settings
| --------------
------------------------------------------------------------------------------------------------

  Enable Multi Corner Analysis               :  Yes
  Enable Pessimism Removal                   :  Yes
  Pessimism Removal Resolution               :  Nearest Common Node
  Enable Input Delay Default Clock           :  No
  Enable Preset / Clear Arcs                 :  No
  Disable Flight Delays                      :  No
  Ignore I/O Paths                           :  No
  Timing Early Launch at Borrowing Latches   :  No
  Borrow Time for Max Delay Exceptions       :  Yes
  Merge Timing Exceptions                    :  Yes
  Inter-SLR Compensation                     :  Conservative

  Corner  Analyze    Analyze    
  Name    Max Paths  Min Paths  
  ------  ---------  ---------  
  Slow    Yes        Yes        
  Fast    Yes        Yes        


------------------------------------------------------------------------------------------------
| Report Methodology
| ------------------
------------------------------------------------------------------------------------------------

Rule       Severity  Description                       Violations  
---------  --------  --------------------------------  ----------  
LUTAR-1    Warning   LUT drives async reset alert      1           
TIMING-9   Warning   Unknown CDC Logic                 1           
TIMING-10  Warning   Missing property on synchronizer  1           
TIMING-18  Warning   Missing input or output delay     5           
TIMING-47  Warning   False path                        6           

Note: This report is based on the most recent report_methodology run and may not be up-to-date. Run report_methodology on the current design for the latest report.



check_timing report

Table of Contents
-----------------
1. checking no_clock (0)
2. checking constant_clock (0)
3. checking pulse_width_clock (0)
4. checking unconstrained_internal_endpoints (0)
5. checking no_input_delay (0)
6. checking no_output_delay (0)
7. checking multiple_clock (0)
8. checking generated_clocks (0)
9. checking loops (0)
10. checking partial_input_delay (2)
11. checking partial_output_delay (0)
12. checking latch_loops (0)

1. checking no_clock (0)
------------------------
 There are 0 register/latch pins with no clock.


2. checking constant_clock (0)
------------------------------
 There are 0 register/latch pins with constant_clock.


3. checking pulse_width_clock (0)
---------------------------------
 There are 0 register/latch pins which need pulse_width check


4. checking unconstrained_internal_endpoints (0)
------------------------------------------------
 There are 0 pins that are not constrained for maximum delay.

 There are 0 pins that are not constrained for maximum delay due to constant clock.


5. checking no_input_delay (0)
------------------------------
 There are 0 input ports with no input delay specified.

 There are 0 input ports with no input delay but user has a false path constraint.


6. checking no_output_delay (0)
-------------------------------
 There are 0 ports with no output delay specified.

 There are 0 ports with no output delay but user has a false path constraint

 There are 0 ports with no output delay but with a timing clock defined on it or propagating through it


7. checking multiple_clock (0)
------------------------------
 There are 0 register/latch pins with multiple clocks.


8. checking generated_clocks (0)
--------------------------------
 There are 0 generated clocks that are not connected to a clock source.


9. checking loops (0)
---------------------
 There are 0 combinational loops in the design.


10. checking partial_input_delay (2)
------------------------------------
 There are 2 input ports with partial input delay specified. (HIGH)


11. checking partial_output_delay (0)
-------------------------------------
 There are 0 ports with partial output delay specified.


12. checking latch_loops (0)
----------------------------
 There are 0 combinational latch loops in the design through latch input



------------------------------------------------------------------------------------------------
| Design Timing Summary
| ---------------------
------------------------------------------------------------------------------------------------

    WNS(ns)      TNS(ns)  TNS Failing Endpoints  TNS Total Endpoints      WHS(ns)      THS(ns)  THS Failing Endpoints  THS Total Endpoints     WPWS(ns)     TPWS(ns)  TPWS Failing Endpoints  TPWS Total Endpoints  
    -------      -------  ---------------------  -------------------      -------      -------  ---------------------  -------------------     --------     --------  ----------------------  --------------------  
      1.672        0.000                      0                35349        0.010        0.000                      0                35346        1.958        0.000                       0                 10369  


All user specified timing constraints are met.


------------------------------------------------------------------------------------------------
| Clock Summary
| -------------
------------------------------------------------------------------------------------------------

Clock                                                           Waveform(ns)         Period(ns)      Frequency(MHz)
-----                                                           ------------         ----------      --------------
sysclk                                                          {0.000 2.500}        5.000           200.000         
system_i/mdm_1/U0/Use_E2.BSCAN_I/Use_E2.BSCANE2_I/INTERNAL_TCK  {0.000 16.666}       33.333          30.000          
  system_i/mdm_1/U0/Use_E2.BSCAN_I/Use_E2.BSCANE2_I/DRCK        {0.000 16.666}       33.333          30.000          
  system_i/mdm_1/U0/Use_E2.BSCAN_I/Use_E2.BSCANE2_I/UPDATE      {0.000 33.333}       66.666          15.000          


------------------------------------------------------------------------------------------------
| Intra Clock Table
| -----------------
------------------------------------------------------------------------------------------------

Clock                                                           WNS(ns)      TNS(ns)  TNS Failing Endpoints  TNS Total Endpoints      WHS(ns)      THS(ns)  THS Failing Endpoints  THS Total Endpoints     WPWS(ns)     TPWS(ns)  TPWS Failing Endpoints  TPWS Total Endpoints  
-----                                                           -------      -------  ---------------------  -------------------      -------      -------  ---------------------  -------------------     --------     --------  ----------------------  --------------------  
sysclk                                                            1.672        0.000                      0                35071        0.010        0.000                      0                35071        1.958        0.000                       0                 10095  
  system_i/mdm_1/U0/Use_E2.BSCAN_I/Use_E2.BSCANE2_I/DRCK         14.910        0.000                      0                  228        0.018        0.000                      0                  228       16.134        0.000                       0                   233  
  system_i/mdm_1/U0/Use_E2.BSCAN_I/Use_E2.BSCANE2_I/UPDATE       30.890        0.000                      0                   47        0.091        0.000                      0                   47       33.058        0.000                       0                    41  


------------------------------------------------------------------------------------------------
| Inter Clock Table
| -----------------
------------------------------------------------------------------------------------------------

From Clock    To Clock          WNS(ns)      TNS(ns)  TNS Failing Endpoints  TNS Total Endpoints      WHS(ns)      THS(ns)  THS Failing Endpoints  THS Total Endpoints  
----------    --------          -------      -------  ---------------------  -------------------      -------      -------  ---------------------  -------------------  


------------------------------------------------------------------------------------------------
| Other Path Groups Table
| -----------------------
------------------------------------------------------------------------------------------------

Path Group    From Clock    To Clock          WNS(ns)      TNS(ns)  TNS Failing Endpoints  TNS Total Endpoints      WHS(ns)      THS(ns)  THS Failing Endpoints  THS Total Endpoints  
----------    ----------    --------          -------      -------  ---------------------  -------------------      -------      -------  ---------------------  -------------------  
**default**   sysclk                           14.564        0.000                      0                    3                                                                        


------------------------------------------------------------------------------------------------
| Timing Details
| --------------
------------------------------------------------------------------------------------------------


---------------------------------------------------------------------------------------------------
From Clock:  sysclk
  To Clock:  sysclk

Setup :            0  Failing Endpoints,  Worst Slack        1.672ns,  Total Violation        0.000ns
Hold  :            0  Failing Endpoints,  Worst Slack        0.010ns,  Total Violation        0.000ns
PW    :            0  Failing Endpoints,  Worst Slack        1.958ns,  Total Violation        0.000ns
---------------------------------------------------------------------------------------------------


Max Delay Paths
--------------------------------------------------------------------------------------
Slack (MET) :             1.672ns  (required time - arrival time)
  Source:                 system_i/microblaze_0/U0/MicroBlaze_Core_I/Performance.Core/Decode_I/mem_exception_from_ex_reg/C
                            (rising edge-triggered cell FDRE clocked by sysclk  {rise@0.000ns fall@2.500ns period=5.000ns})
  Destination:            system_i/microblaze_0_local_memory/lmb_bram/U0/inst_blk_mem_gen/gnbram.gnative_mem_map_bmg.native_mem_map_blk_mem_gen/valid.cstr/ramloop[4].ram.r/prim_noinit.ram/DEVICE_8SERIES.WITH_BMM_INFO.TRUE_DP.SIMPLE_PRIM36.SERIES8_TDP_SP36_NO_ECC_ATTR.ram/ENARDEN
                            (rising edge-triggered cell RAMB36E2 clocked by sysclk  {rise@0.000ns fall@2.500ns period=5.000ns})
  Path Group:             sysclk
  Path Type:              Setup (Max at Slow Process Corner)
  Requirement:            5.000ns  (sysclk rise@5.000ns - sysclk rise@0.000ns)
  Data Path Delay:        2.729ns  (logic 0.691ns (25.321%)  route 2.038ns (74.679%))
  Logic Levels:           5  (AND2B1L=1 LUT2=2 LUT3=1 LUT6=1)
  Clock Path Skew:        -0.222ns (DCD - SCD + CPR)
    Destination Clock Delay (DCD):    2.039ns = ( 7.039 - 5.000 ) 
    Source Clock Delay      (SCD):    2.460ns
    Clock Pessimism Removal (CPR):    0.199ns
  Clock Uncertainty:      0.035ns  ((TSJ^2 + TIJ^2)^1/2 + DJ) / 2 + PE
    Total System Jitter     (TSJ):    0.071ns
    Total Input Jitter      (TIJ):    0.000ns
    Discrete Jitter          (DJ):    0.000ns
    Phase Error              (PE):    0.000ns
  Clock Net Delay (Source):      1.318ns (routing 0.171ns, distribution 1.147ns)
  Clock Net Delay (Destination): 1.080ns (routing 0.155ns, distribution 0.925ns)

    Location             Delay type                Incr(ns)  Path(ns)    Netlist Resource(s)
  -------------------------------------------------------------------    -------------------
                         (clock sysclk rise edge)     0.000     0.000 r  
    T24                                               0.000     0.000 r  sysclk_p (IN)
                         net (fo=0)                   0.100     0.100    IBUFDS_sysclk/I
    HPIOBDIFFINBUF_X0Y36 DIFFINBUF (Prop_DIFFINBUF_HPIOBDIFFINBUF_DIFF_IN_P_O)
                                                      0.629     0.729 r  IBUFDS_sysclk/DIFFINBUF_INST/O
                         net (fo=1, routed)           0.050     0.779    IBUFDS_sysclk/OUT
    T24                  IBUFCTRL (Prop_IBUFCTRL_HPIOB_M_I_O)
                                                      0.000     0.779 r  IBUFDS_sysclk/IBUFCTRL_INST/O
                         net (fo=1, routed)           0.335     1.114    sysclk
    BUFGCE_X0Y45         BUFGCE (Prop_BUFCE_BUFGCE_I_O)
                                                      0.028     1.142 r  BUFG_sysclk/O
    X0Y1 (CLOCK_ROOT)    net (fo=10094, routed)       1.318     2.460    system_i/microblaze_0/U0/MicroBlaze_Core_I/Performance.Core/Decode_I/Clk
    SLICE_X32Y77         FDRE                                         r  system_i/microblaze_0/U0/MicroBlaze_Core_I/Performance.Core/Decode_I/mem_exception_from_ex_reg/C
  -------------------------------------------------------------------    -------------------
    SLICE_X32Y77         FDRE (Prop_GFF_SLICEL_C_Q)
                                                      0.079     2.539 f  system_i/microblaze_0/U0/MicroBlaze_Core_I/Performance.Core/Decode_I/mem_exception_from_ex_reg/Q
                         net (fo=7, routed)           0.209     2.749    system_i/microblaze_0/U0/MicroBlaze_Core_I/Performance.Core/Decode_I/mem_exception_from_ex
    SLICE_X31Y72         LUT2 (Prop_C5LUT_SLICEM_I0_O)
                                                      0.068     2.817 f  system_i/microblaze_0/U0/MicroBlaze_Core_I/Performance.Core/Decode_I/wb_exception_i_i_1/O
                         net (fo=6, routed)           0.266     3.083    system_i/microblaze_0/U0/MicroBlaze_Core_I/Performance.Core/Decode_I/Using_FPGA_2.ex_load_store_instr_Inst/MEM_DataBus_Access_reg_2
    SLICE_X32Y77         LUT6 (Prop_G6LUT_SLICEL_I3_O)
                                                      0.123     3.206 r  system_i/microblaze_0/U0/MicroBlaze_Core_I/Performance.Core/Decode_I/Using_FPGA_2.ex_load_store_instr_Inst/Using_FPGA.Native_i_2__1/O
                         net (fo=4, routed)           0.216     3.422    system_i/microblaze_0/U0/MicroBlaze_Core_I/Performance.Core/Decode_I/Using_FPGA_2.ex_load_store_instr_Inst/p_237_in
    SLICE_X30Y75         LUT3 (Prop_E6LUT_SLICEM_I0_O)
                                                      0.052     3.474 f  system_i/microblaze_0/U0/MicroBlaze_Core_I/Performance.Core/Decode_I/Using_FPGA_2.ex_load_store_instr_Inst/Using_FPGA.Native_i_1__3/O
                         net (fo=1, routed)           0.243     3.717    system_i/microblaze_0/U0/MicroBlaze_Core_I/Performance.Core/Use_DLMB.Using_Latch_AS_Logic.AND2B1L_I1/SRI
    SLICE_X30Y71         AND2B1L (Prop_BFF_SLICEM_SRI_O)
                                                      0.219     3.936 r  system_i/microblaze_0/U0/MicroBlaze_Core_I/Performance.Core/Use_DLMB.Using_Latch_AS_Logic.AND2B1L_I1/Using_FPGA.Native/O
                         net (fo=2, routed)           0.391     4.327    system_i/microblaze_0_local_memory/lmb_bram/U0/inst_blk_mem_gen/gnbram.gnative_mem_map_bmg.native_mem_map_blk_mem_gen/valid.cstr/ramloop[7].ram.r/prim_noinit.ram/ena
    SLICE_X20Y67         LUT2 (Prop_H6LUT_SLICEL_I1_O)
                                                      0.150     4.477 r  system_i/microblaze_0_local_memory/lmb_bram/U0/inst_blk_mem_gen/gnbram.gnative_mem_map_bmg.native_mem_map_blk_mem_gen/valid.cstr/ramloop[7].ram.r/prim_noinit.ram/DEVICE_8SERIES.WITH_BMM_INFO.TRUE_DP.SIMPLE_PRIM36.SERIES8_TDP_SP36_NO_ECC_ATTR.ram_i_1/O
                         net (fo=8, routed)           0.712     5.189    system_i/microblaze_0_local_memory/lmb_bram/U0/inst_blk_mem_gen/gnbram.gnative_mem_map_bmg.native_mem_map_blk_mem_gen/valid.cstr/ramloop[4].ram.r/prim_noinit.ram/ENA_I
    RAMB36_X0Y11         RAMB36E2                                     r  system_i/microblaze_0_local_memory/lmb_bram/U0/inst_blk_mem_gen/gnbram.gnative_mem_map_bmg.native_mem_map_blk_mem_gen/valid.cstr/ramloop[4].ram.r/prim_noinit.ram/DEVICE_8SERIES.WITH_BMM_INFO.TRUE_DP.SIMPLE_PRIM36.SERIES8_TDP_SP36_NO_ECC_ATTR.ram/ENARDEN
  -------------------------------------------------------------------    -------------------

                         (clock sysclk rise edge)     5.000     5.000 r  
    T24                                               0.000     5.000 r  sysclk_p (IN)
                         net (fo=0)                   0.079     5.079    IBUFDS_sysclk/I
    HPIOBDIFFINBUF_X0Y36 DIFFINBUF (Prop_DIFFINBUF_HPIOBDIFFINBUF_DIFF_IN_P_O)
                                                      0.520     5.599 r  IBUFDS_sysclk/DIFFINBUF_INST/O
                         net (fo=1, routed)           0.040     5.639    IBUFDS_sysclk/OUT
    T24                  IBUFCTRL (Prop_IBUFCTRL_HPIOB_M_I_O)
                                                      0.000     5.639 r  IBUFDS_sysclk/IBUFCTRL_INST/O
                         net (fo=1, routed)           0.297     5.936    sysclk
    BUFGCE_X0Y45         BUFGCE (Prop_BUFCE_BUFGCE_I_O)
                                                      0.024     5.960 r  BUFG_sysclk/O
    X0Y1 (CLOCK_ROOT)    net (fo=10094, routed)       1.080     7.039    system_i/microblaze_0_local_memory/lmb_bram/U0/inst_blk_mem_gen/gnbram.gnative_mem_map_bmg.native_mem_map_blk_mem_gen/valid.cstr/ramloop[4].ram.r/prim_noinit.ram/clka
    RAMB36_X0Y11         RAMB36E2                                     r  system_i/microblaze_0_local_memory/lmb_bram/U0/inst_blk_mem_gen/gnbram.gnative_mem_map_bmg.native_mem_map_blk_mem_gen/valid.cstr/ramloop[4].ram.r/prim_noinit.ram/DEVICE_8SERIES.WITH_BMM_INFO.TRUE_DP.SIMPLE_PRIM36.SERIES8_TDP_SP36_NO_ECC_ATTR.ram/CLKARDCLK
                         clock pessimism              0.199     7.238    
                         clock uncertainty           -0.035     7.203    
    RAMB36_X0Y11         RAMB36E2 (Setup_RAMB36E2_RAMB36_CLKARDCLK_ENARDEN)
                                                     -0.342     6.861    system_i/microblaze_0_local_memory/lmb_bram/U0/inst_blk_mem_gen/gnbram.gnative_mem_map_bmg.native_mem_map_blk_mem_gen/valid.cstr/ramloop[4].ram.r/prim_noinit.ram/DEVICE_8SERIES.WITH_BMM_INFO.TRUE_DP.SIMPLE_PRIM36.SERIES8_TDP_SP36_NO_ECC_ATTR.ram
  -------------------------------------------------------------------
                         required time                          6.861    
                         arrival time                          -5.189    
  -------------------------------------------------------------------
                         slack                                  1.672    





Min Delay Paths
--------------------------------------------------------------------------------------
Slack (MET) :             0.010ns  (arrival time - required time)
  Source:                 system_i/smartconnect_0/inst/m00_nodes/m00_r_node/inst/inst_mi_handler/gen_normal_area.gen_upsizer.inst_upsizer/gen_r_ch.accum_reg[bytes][13][userdata][1]/C
                            (rising edge-triggered cell FDRE clocked by sysclk  {rise@0.000ns fall@2.500ns period=5.000ns})
  Destination:            system_i/smartconnect_0/inst/m00_nodes/m00_r_node/inst/inst_mi_handler/gen_normal_area.inst_fifo_node_payld/gen_xpm_memory_fifo.inst_fifo/gen_mem_rep[0].inst_xpm_memory/xpm_memory_base_inst/gen_wr_a.gen_word_narrow.mem_reg_0_31_112_125/RAMG/I
                            (rising edge-triggered cell RAMD32 clocked by sysclk  {rise@0.000ns fall@2.500ns period=5.000ns})
  Path Group:             sysclk
  Path Type:              Hold (Min at Slow Process Corner)
  Requirement:            0.000ns  (sysclk rise@0.000ns - sysclk rise@0.000ns)
  Data Path Delay:        0.233ns  (logic 0.058ns (24.893%)  route 0.175ns (75.107%))
  Logic Levels:           0  
  Clock Path Skew:        0.145ns (DCD - SCD - CPR)
    Destination Clock Delay (DCD):    2.418ns
    Source Clock Delay      (SCD):    2.021ns
    Clock Pessimism Removal (CPR):    0.252ns
  Clock Net Delay (Source):      1.061ns (routing 0.155ns, distribution 0.906ns)
  Clock Net Delay (Destination): 1.275ns (routing 0.171ns, distribution 1.104ns)

    Location             Delay type                Incr(ns)  Path(ns)    Netlist Resource(s)
  -------------------------------------------------------------------    -------------------
                         (clock sysclk rise edge)     0.000     0.000 r  
    T24                                               0.000     0.000 r  sysclk_p (IN)
                         net (fo=0)                   0.079     0.079    IBUFDS_sysclk/I
    HPIOBDIFFINBUF_X0Y36 DIFFINBUF (Prop_DIFFINBUF_HPIOBDIFFINBUF_DIFF_IN_P_O)
                                                      0.520     0.599 r  IBUFDS_sysclk/DIFFINBUF_INST/O
                         net (fo=1, routed)           0.040     0.639    IBUFDS_sysclk/OUT
    T24                  IBUFCTRL (Prop_IBUFCTRL_HPIOB_M_I_O)
                                                      0.000     0.639 r  IBUFDS_sysclk/IBUFCTRL_INST/O
                         net (fo=1, routed)           0.297     0.936    sysclk
    BUFGCE_X0Y45         BUFGCE (Prop_BUFCE_BUFGCE_I_O)
                                                      0.024     0.960 r  BUFG_sysclk/O
    X0Y1 (CLOCK_ROOT)    net (fo=10094, routed)       1.061     2.021    system_i/smartconnect_0/inst/m00_nodes/m00_r_node/inst/inst_mi_handler/gen_normal_area.gen_upsizer.inst_upsizer/s_sc_aclk
    SLICE_X8Y68          FDRE                                         r  system_i/smartconnect_0/inst/m00_nodes/m00_r_node/inst/inst_mi_handler/gen_normal_area.gen_upsizer.inst_upsizer/gen_r_ch.accum_reg[bytes][13][userdata][1]/C
  -------------------------------------------------------------------    -------------------
    SLICE_X8Y68          FDRE (Prop_HFF_SLICEL_C_Q)
                                                      0.058     2.079 r  system_i/smartconnect_0/inst/m00_nodes/m00_r_node/inst/inst_mi_handler/gen_normal_area.gen_upsizer.inst_upsizer/gen_r_ch.accum_reg[bytes][13][userdata][1]/Q
                         net (fo=1, routed)           0.175     2.254    system_i/smartconnect_0/inst/m00_nodes/m00_r_node/inst/inst_mi_handler/gen_normal_area.inst_fifo_node_payld/gen_xpm_memory_fifo.inst_fifo/gen_mem_rep[0].inst_xpm_memory/xpm_memory_base_inst/gen_wr_a.gen_word_narrow.mem_reg_0_31_112_125/DIG0
    SLICE_X9Y75          RAMD32                                       r  system_i/smartconnect_0/inst/m00_nodes/m00_r_node/inst/inst_mi_handler/gen_normal_area.inst_fifo_node_payld/gen_xpm_memory_fifo.inst_fifo/gen_mem_rep[0].inst_xpm_memory/xpm_memory_base_inst/gen_wr_a.gen_word_narrow.mem_reg_0_31_112_125/RAMG/I
  -------------------------------------------------------------------    -------------------

                         (clock sysclk rise edge)     0.000     0.000 r  
    T24                                               0.000     0.000 r  sysclk_p (IN)
                         net (fo=0)                   0.100     0.100    IBUFDS_sysclk/I
    HPIOBDIFFINBUF_X0Y36 DIFFINBUF (Prop_DIFFINBUF_HPIOBDIFFINBUF_DIFF_IN_P_O)
                                                      0.629     0.729 r  IBUFDS_sysclk/DIFFINBUF_INST/O
                         net (fo=1, routed)           0.050     0.779    IBUFDS_sysclk/OUT
    T24                  IBUFCTRL (Prop_IBUFCTRL_HPIOB_M_I_O)
                                                      0.000     0.779 r  IBUFDS_sysclk/IBUFCTRL_INST/O
                         net (fo=1, routed)           0.335     1.114    sysclk
    BUFGCE_X0Y45         BUFGCE (Prop_BUFCE_BUFGCE_I_O)
                                                      0.028     1.142 r  BUFG_sysclk/O
    X0Y1 (CLOCK_ROOT)    net (fo=10094, routed)       1.275     2.418    system_i/smartconnect_0/inst/m00_nodes/m00_r_node/inst/inst_mi_handler/gen_normal_area.inst_fifo_node_payld/gen_xpm_memory_fifo.inst_fifo/gen_mem_rep[0].inst_xpm_memory/xpm_memory_base_inst/gen_wr_a.gen_word_narrow.mem_reg_0_31_112_125/WCLK
    SLICE_X9Y75          RAMD32                                       r  system_i/smartconnect_0/inst/m00_nodes/m00_r_node/inst/inst_mi_handler/gen_normal_area.inst_fifo_node_payld/gen_xpm_memory_fifo.inst_fifo/gen_mem_rep[0].inst_xpm_memory/xpm_memory_base_inst/gen_wr_a.gen_word_narrow.mem_reg_0_31_112_125/RAMG/CLK
                         clock pessimism             -0.252     2.166    
    SLICE_X9Y75          RAMD32 (Hold_G5LUT_SLICEM_CLK_I)
                                                      0.078     2.244    system_i/smartconnect_0/inst/m00_nodes/m00_r_node/inst/inst_mi_handler/gen_normal_area.inst_fifo_node_payld/gen_xpm_memory_fifo.inst_fifo/gen_mem_rep[0].inst_xpm_memory/xpm_memory_base_inst/gen_wr_a.gen_word_narrow.mem_reg_0_31_112_125/RAMG
  -------------------------------------------------------------------
                         required time                         -2.244    
                         arrival time                           2.254    
  -------------------------------------------------------------------
                         slack                                  0.010    





Pulse Width Checks
--------------------------------------------------------------------------------------
Clock Name:         sysclk
Waveform(ns):       { 0.000 2.500 }
Period(ns):         5.000
Sources:            { sysclk_p }

Check Type        Corner  Lib Pin             Reference Pin  Required(ns)  Actual(ns)  Slack(ns)  Location      Pin
Min Period        n/a     RAMB36E2/CLKARDCLK  n/a            1.355         5.000       3.645      RAMB36_X0Y13  system_i/axi_bram_ctrl_0_bram/U0/inst_blk_mem_gen/gnbram.gnative_mem_map_bmg.native_mem_map_blk_mem_gen/valid.cstr/ramloop[0].ram.r/prim_noinit.ram/DEVICE_8SERIES.WITH_BMM_INFO.SP.SIMPLE_PRIM36.SERIES8_SP_NO_ECC_ATTR.ram/CLKARDCLK
Low Pulse Width   Slow    RAMB36E2/CLKARDCLK  n/a            0.542         2.500       1.958      RAMB36_X0Y13  system_i/axi_bram_ctrl_0_bram/U0/inst_blk_mem_gen/gnbram.gnative_mem_map_bmg.native_mem_map_blk_mem_gen/valid.cstr/ramloop[0].ram.r/prim_noinit.ram/DEVICE_8SERIES.WITH_BMM_INFO.SP.SIMPLE_PRIM36.SERIES8_SP_NO_ECC_ATTR.ram/CLKARDCLK
High Pulse Width  Slow    RAMB36E2/CLKARDCLK  n/a            0.542         2.500       1.958      RAMB36_X0Y13  system_i/axi_bram_ctrl_0_bram/U0/inst_blk_mem_gen/gnbram.gnative_mem_map_bmg.native_mem_map_blk_mem_gen/valid.cstr/ramloop[0].ram.r/prim_noinit.ram/DEVICE_8SERIES.WITH_BMM_INFO.SP.SIMPLE_PRIM36.SERIES8_SP_NO_ECC_ATTR.ram/CLKARDCLK



---------------------------------------------------------------------------------------------------
From Clock:  system_i/mdm_1/U0/Use_E2.BSCAN_I/Use_E2.BSCANE2_I/DRCK
  To Clock:  system_i/mdm_1/U0/Use_E2.BSCAN_I/Use_E2.BSCANE2_I/DRCK

Setup :            0  Failing Endpoints,  Worst Slack       14.910ns,  Total Violation        0.000ns
Hold  :            0  Failing Endpoints,  Worst Slack        0.018ns,  Total Violation        0.000ns
PW    :            0  Failing Endpoints,  Worst Slack       16.134ns,  Total Violation        0.000ns
---------------------------------------------------------------------------------------------------


Max Delay Paths
--------------------------------------------------------------------------------------
Slack (MET) :             14.910ns  (required time - arrival time)
  Source:                 system_i/mdm_1/U0/MDM_Core_I1/JTAG_CONTROL_I/Use_BSCAN.SYNC_FDRE/Using_FPGA.Native/C
                            (falling edge-triggered cell FDRE clocked by system_i/mdm_1/U0/Use_E2.BSCAN_I/Use_E2.BSCANE2_I/DRCK  {rise@0.000ns fall@16.667ns period=33.333ns})
  Destination:            system_i/microblaze_0/U0/MicroBlaze_Core_I/Performance.Core/Use_Debug_Logic.Master_Core.Debug_Perf/Serial_Dbg_Intf.shift_count_reg[1]/D
                            (rising edge-triggered cell FDRE clocked by system_i/mdm_1/U0/Use_E2.BSCAN_I/Use_E2.BSCANE2_I/DRCK  {rise@0.000ns fall@16.667ns period=33.333ns})
  Path Group:             system_i/mdm_1/U0/Use_E2.BSCAN_I/Use_E2.BSCANE2_I/DRCK
  Path Type:              Setup (Max at Slow Process Corner)
  Requirement:            16.667ns  (system_i/mdm_1/U0/Use_E2.BSCAN_I/Use_E2.BSCANE2_I/DRCK rise@33.333ns - system_i/mdm_1/U0/Use_E2.BSCAN_I/Use_E2.BSCANE2_I/DRCK fall@16.667ns)
  Data Path Delay:        1.542ns  (logic 0.354ns (22.956%)  route 1.188ns (77.044%))
  Logic Levels:           2  (LUT3=1 LUT6=1)
  Clock Path Skew:        -0.004ns (DCD - SCD + CPR)
    Destination Clock Delay (DCD):    3.156ns = ( 36.489 - 33.333 ) 
    Source Clock Delay      (SCD):    9.250ns = ( 25.917 - 16.667 ) 
    Clock Pessimism Removal (CPR):    6.091ns
  Clock Uncertainty:      0.235ns  ((TSJ^2 + TIJ^2)^1/2 + DJ) / 2 + PE + DCD
    Total System Jitter     (TSJ):    0.071ns
    Total Input Jitter      (TIJ):    0.000ns
    Discrete Jitter          (DJ):    0.000ns
    Phase Error              (PE):    0.000ns
    Duty Cycle Distortion   (DCD):    0.200ns
  Clock Net Delay (Source):      1.537ns (routing 0.737ns, distribution 0.800ns)
  Clock Net Delay (Destination): 1.429ns (routing 0.669ns, distribution 0.760ns)

    Location             Delay type                Incr(ns)  Path(ns)    Netlist Resource(s)
  -------------------------------------------------------------------    -------------------
                         (clock system_i/mdm_1/U0/Use_E2.BSCAN_I/Use_E2.BSCANE2_I/DRCK fall edge)
                                                     16.667    16.667 f  
    CONFIG_SITE_X0Y0     BSCANE2                      0.000    16.667 f  system_i/mdm_1/U0/Use_E2.BSCAN_I/Use_E2.BSCANE2_I/INTERNAL_TCK
    CONFIG_SITE_X0Y0     BSCANE2 (Prop_BSCAN2_CONFIG_SITE_INTERNAL_TCK_DRCK)
                                                      5.900    22.566 f  system_i/mdm_1/U0/Use_E2.BSCAN_I/Use_E2.BSCANE2_I/DRCK
                         net (fo=1, routed)           1.785    24.351    system_i/mdm_1/U0/No_Dbg_Reg_Access.BUFG_DRCK/DRCK
    BUFGCE_X0Y22         BUFGCE (Prop_BUFCE_BUFGCE_I_O)
                                                      0.028    24.379 f  system_i/mdm_1/U0/No_Dbg_Reg_Access.BUFG_DRCK/Using_FPGA.Native/O
    X0Y1 (CLOCK_ROOT)    net (fo=232, routed)         1.537    25.917    system_i/mdm_1/U0/MDM_Core_I1/JTAG_CONTROL_I/Use_BSCAN.SYNC_FDRE/Using_FPGA.Native_0
    SLICE_X28Y93         FDRE                                         r  system_i/mdm_1/U0/MDM_Core_I1/JTAG_CONTROL_I/Use_BSCAN.SYNC_FDRE/Using_FPGA.Native/C  (IS_INVERTED)
  -------------------------------------------------------------------    -------------------
    SLICE_X28Y93         FDRE (Prop_AFF_SLICEM_C_Q)
                                                      0.077    25.994 r  system_i/mdm_1/U0/MDM_Core_I1/JTAG_CONTROL_I/Use_BSCAN.SYNC_FDRE/Using_FPGA.Native/Q
                         net (fo=3, routed)           0.119    26.113    system_i/mdm_1/U0/MDM_Core_I1/JTAG_CONTROL_I/Use_BSCAN.SYNC_FDRE/sync
    SLICE_X28Y91         LUT6 (Prop_B6LUT_SLICEM_I0_O)
                                                      0.125    26.238 r  system_i/mdm_1/U0/MDM_Core_I1/JTAG_CONTROL_I/Use_BSCAN.SYNC_FDRE/Dbg_Shift_0_INST_0/O
                         net (fo=8, routed)           0.823    27.061    system_i/microblaze_0/U0/MicroBlaze_Core_I/Performance.Core/Use_Debug_Logic.Master_Core.Debug_Perf/Dbg_Shift
    SLICE_X31Y82         LUT3 (Prop_H6LUT_SLICEM_I2_O)
                                                      0.152    27.213 r  system_i/microblaze_0/U0/MicroBlaze_Core_I/Performance.Core/Use_Debug_Logic.Master_Core.Debug_Perf/Serial_Dbg_Intf.shift_count[1]_i_1/O
                         net (fo=1, routed)           0.246    27.459    system_i/microblaze_0/U0/MicroBlaze_Core_I/Performance.Core/Use_Debug_Logic.Master_Core.Debug_Perf/Serial_Dbg_Intf.shift_count[1]_i_1_n_0
    SLICE_X31Y82         FDRE                                         r  system_i/microblaze_0/U0/MicroBlaze_Core_I/Performance.Core/Use_Debug_Logic.Master_Core.Debug_Perf/Serial_Dbg_Intf.shift_count_reg[1]/D
  -------------------------------------------------------------------    -------------------

                         (clock system_i/mdm_1/U0/Use_E2.BSCAN_I/Use_E2.BSCANE2_I/DRCK rise edge)
                                                     33.333    33.333 r  
    CONFIG_SITE_X0Y0     BSCANE2                      0.000    33.333 r  system_i/mdm_1/U0/Use_E2.BSCAN_I/Use_E2.BSCANE2_I/INTERNAL_TCK
    CONFIG_SITE_X0Y0     BSCANE2 (Prop_BSCAN2_CONFIG_SITE_INTERNAL_TCK_DRCK)
                                                      0.465    33.798 r  system_i/mdm_1/U0/Use_E2.BSCAN_I/Use_E2.BSCANE2_I/DRCK
                         net (fo=1, routed)           1.238    35.036    system_i/mdm_1/U0/No_Dbg_Reg_Access.BUFG_DRCK/DRCK
    BUFGCE_X0Y22         BUFGCE (Prop_BUFCE_BUFGCE_I_O)
                                                      0.024    35.060 r  system_i/mdm_1/U0/No_Dbg_Reg_Access.BUFG_DRCK/Using_FPGA.Native/O
    X0Y1 (CLOCK_ROOT)    net (fo=232, routed)         1.429    36.489    system_i/microblaze_0/U0/MicroBlaze_Core_I/Performance.Core/Use_Debug_Logic.Master_Core.Debug_Perf/Dbg_Clk
    SLICE_X31Y82         FDRE                                         r  system_i/microblaze_0/U0/MicroBlaze_Core_I/Performance.Core/Use_Debug_Logic.Master_Core.Debug_Perf/Serial_Dbg_Intf.shift_count_reg[1]/C
                         clock pessimism              6.091    42.579    
                         clock uncertainty           -0.235    42.344    
    SLICE_X31Y82         FDRE (Setup_CFF_SLICEM_C_D)
                                                      0.025    42.369    system_i/microblaze_0/U0/MicroBlaze_Core_I/Performance.Core/Use_Debug_Logic.Master_Core.Debug_Perf/Serial_Dbg_Intf.shift_count_reg[1]
  -------------------------------------------------------------------
                         required time                         42.369    
                         arrival time                         -27.459    
  -------------------------------------------------------------------
                         slack                                 14.910    





Min Delay Paths
--------------------------------------------------------------------------------------
Slack (MET) :             0.018ns  (arrival time - required time)
  Source:                 system_i/microblaze_0/U0/MicroBlaze_Core_I/Performance.Core/Use_Debug_Logic.Master_Core.Debug_Perf/Serial_Dbg_Intf.shift_datain_reg[31]/C
                            (rising edge-triggered cell FDRE clocked by system_i/mdm_1/U0/Use_E2.BSCAN_I/Use_E2.BSCANE2_I/DRCK  {rise@0.000ns fall@16.667ns period=33.333ns})
  Destination:            system_i/microblaze_0/U0/MicroBlaze_Core_I/Performance.Core/Use_Debug_Logic.Master_Core.Debug_Perf/Serial_Dbg_Intf.New_Instr_Reg_TCK_reg[30]/D
                            (rising edge-triggered cell FDRE clocked by system_i/mdm_1/U0/Use_E2.BSCAN_I/Use_E2.BSCANE2_I/DRCK  {rise@0.000ns fall@16.667ns period=33.333ns})
  Path Group:             system_i/mdm_1/U0/Use_E2.BSCAN_I/Use_E2.BSCANE2_I/DRCK
  Path Type:              Hold (Min at Slow Process Corner)
  Requirement:            0.000ns  (system_i/mdm_1/U0/Use_E2.BSCAN_I/Use_E2.BSCANE2_I/DRCK rise@0.000ns - system_i/mdm_1/U0/Use_E2.BSCAN_I/Use_E2.BSCANE2_I/DRCK rise@0.000ns)
  Data Path Delay:        0.131ns  (logic 0.059ns (44.900%)  route 0.072ns (55.100%))
  Logic Levels:           0  
  Clock Path Skew:        0.052ns (DCD - SCD - CPR)
    Destination Clock Delay (DCD):    9.281ns
    Source Clock Delay      (SCD):    3.092ns
    Clock Pessimism Removal (CPR):    6.137ns
  Clock Net Delay (Source):      1.365ns (routing 0.669ns, distribution 0.696ns)
  Clock Net Delay (Destination): 1.568ns (routing 0.737ns, distribution 0.831ns)

    Location             Delay type                Incr(ns)  Path(ns)    Netlist Resource(s)
  -------------------------------------------------------------------    -------------------
                         (clock system_i/mdm_1/U0/Use_E2.BSCAN_I/Use_E2.BSCANE2_I/DRCK rise edge)
                                                      0.000     0.000 r  
    CONFIG_SITE_X0Y0     BSCANE2                      0.000     0.000 r  system_i/mdm_1/U0/Use_E2.BSCAN_I/Use_E2.BSCANE2_I/INTERNAL_TCK
    CONFIG_SITE_X0Y0     BSCANE2 (Prop_BSCAN2_CONFIG_SITE_INTERNAL_TCK_DRCK)
                                                      0.465     0.465 r  system_i/mdm_1/U0/Use_E2.BSCAN_I/Use_E2.BSCANE2_I/DRCK
                         net (fo=1, routed)           1.238     1.703    system_i/mdm_1/U0/No_Dbg_Reg_Access.BUFG_DRCK/DRCK
    BUFGCE_X0Y22         BUFGCE (Prop_BUFCE_BUFGCE_I_O)
                                                      0.024     1.727 r  system_i/mdm_1/U0/No_Dbg_Reg_Access.BUFG_DRCK/Using_FPGA.Native/O
    X0Y1 (CLOCK_ROOT)    net (fo=232, routed)         1.365     3.092    system_i/microblaze_0/U0/MicroBlaze_Core_I/Performance.Core/Use_Debug_Logic.Master_Core.Debug_Perf/Dbg_Clk
    SLICE_X26Y65         FDRE                                         r  system_i/microblaze_0/U0/MicroBlaze_Core_I/Performance.Core/Use_Debug_Logic.Master_Core.Debug_Perf/Serial_Dbg_Intf.shift_datain_reg[31]/C
  -------------------------------------------------------------------    -------------------
    SLICE_X26Y65         FDRE (Prop_EFF_SLICEL_C_Q)
                                                      0.059     3.151 r  system_i/microblaze_0/U0/MicroBlaze_Core_I/Performance.Core/Use_Debug_Logic.Master_Core.Debug_Perf/Serial_Dbg_Intf.shift_datain_reg[31]/Q
                         net (fo=3, routed)           0.072     3.223    system_i/microblaze_0/U0/MicroBlaze_Core_I/Performance.Core/Use_Debug_Logic.Master_Core.Debug_Perf/Serial_Dbg_Intf.shift_datain_reg_n_0_[31]
    SLICE_X26Y64         FDRE                                         r  system_i/microblaze_0/U0/MicroBlaze_Core_I/Performance.Core/Use_Debug_Logic.Master_Core.Debug_Perf/Serial_Dbg_Intf.New_Instr_Reg_TCK_reg[30]/D
  -------------------------------------------------------------------    -------------------

                         (clock system_i/mdm_1/U0/Use_E2.BSCAN_I/Use_E2.BSCANE2_I/DRCK rise edge)
                                                      0.000     0.000 r  
    CONFIG_SITE_X0Y0     BSCANE2                      0.000     0.000 r  system_i/mdm_1/U0/Use_E2.BSCAN_I/Use_E2.BSCANE2_I/INTERNAL_TCK
    CONFIG_SITE_X0Y0     BSCANE2 (Prop_BSCAN2_CONFIG_SITE_INTERNAL_TCK_DRCK)
                                                      5.900     5.900 r  system_i/mdm_1/U0/Use_E2.BSCAN_I/Use_E2.BSCANE2_I/DRCK
                         net (fo=1, routed)           1.785     7.685    system_i/mdm_1/U0/No_Dbg_Reg_Access.BUFG_DRCK/DRCK
    BUFGCE_X0Y22         BUFGCE (Prop_BUFCE_BUFGCE_I_O)
                                                      0.028     7.713 r  system_i/mdm_1/U0/No_Dbg_Reg_Access.BUFG_DRCK/Using_FPGA.Native/O
    X0Y1 (CLOCK_ROOT)    net (fo=232, routed)         1.568     9.281    system_i/microblaze_0/U0/MicroBlaze_Core_I/Performance.Core/Use_Debug_Logic.Master_Core.Debug_Perf/Dbg_Clk
    SLICE_X26Y64         FDRE                                         r  system_i/microblaze_0/U0/MicroBlaze_Core_I/Performance.Core/Use_Debug_Logic.Master_Core.Debug_Perf/Serial_Dbg_Intf.New_Instr_Reg_TCK_reg[30]/C
                         clock pessimism             -6.137     3.144    
    SLICE_X26Y64         FDRE (Hold_GFF2_SLICEL_C_D)
                                                      0.062     3.206    system_i/microblaze_0/U0/MicroBlaze_Core_I/Performance.Core/Use_Debug_Logic.Master_Core.Debug_Perf/Serial_Dbg_Intf.New_Instr_Reg_TCK_reg[30]
  -------------------------------------------------------------------
                         required time                         -3.206    
                         arrival time                           3.223    
  -------------------------------------------------------------------
                         slack                                  0.018    





Pulse Width Checks
--------------------------------------------------------------------------------------
Clock Name:         system_i/mdm_1/U0/Use_E2.BSCAN_I/Use_E2.BSCANE2_I/DRCK
Waveform(ns):       { 0.000 16.667 }
Period(ns):         33.333
Sources:            { system_i/mdm_1/U0/Use_E2.BSCAN_I/Use_E2.BSCANE2_I/DRCK }

Check Type        Corner  Lib Pin     Reference Pin  Required(ns)  Actual(ns)  Slack(ns)  Location       Pin
Min Period        n/a     BUFGCE/I    n/a            1.290         33.333      32.043     BUFGCE_X0Y22   system_i/mdm_1/U0/No_Dbg_Reg_Access.BUFG_DRCK/Using_FPGA.Native/I
Low Pulse Width   Slow    SRL16E/CLK  n/a            0.532         16.666      16.134     SLICE_X28Y114  system_i/mdm_1/U0/MDM_Core_I1/Use_BSCAN.Config_Reg_reg[12]_srl13_MDM_Core_I1_Use_BSCAN.Config_Reg_reg_c_25/CLK
High Pulse Width  Slow    SRL16E/CLK  n/a            0.532         16.667      16.135     SLICE_X28Y114  system_i/mdm_1/U0/MDM_Core_I1/Use_BSCAN.Config_Reg_reg[12]_srl13_MDM_Core_I1_Use_BSCAN.Config_Reg_reg_c_25/CLK



---------------------------------------------------------------------------------------------------
From Clock:  system_i/mdm_1/U0/Use_E2.BSCAN_I/Use_E2.BSCANE2_I/UPDATE
  To Clock:  system_i/mdm_1/U0/Use_E2.BSCAN_I/Use_E2.BSCANE2_I/UPDATE

Setup :            0  Failing Endpoints,  Worst Slack       30.890ns,  Total Violation        0.000ns
Hold  :            0  Failing Endpoints,  Worst Slack        0.091ns,  Total Violation        0.000ns
PW    :            0  Failing Endpoints,  Worst Slack       33.058ns,  Total Violation        0.000ns
---------------------------------------------------------------------------------------------------


Max Delay Paths
--------------------------------------------------------------------------------------
Slack (MET) :             30.890ns  (required time - arrival time)
  Source:                 system_i/mdm_1/U0/MDM_Core_I1/JTAG_CONTROL_I/Use_BSCAN.FDC_I/Using_FPGA.Native/C
                            (falling edge-triggered cell FDCE clocked by system_i/mdm_1/U0/Use_E2.BSCAN_I/Use_E2.BSCANE2_I/UPDATE  {rise@0.000ns fall@33.333ns period=66.666ns})
  Destination:            system_i/microblaze_0/U0/MicroBlaze_Core_I/Performance.Core/Use_Debug_Logic.Master_Core.Debug_Perf/Serial_Dbg_Intf.control_reg_reg[8]/CE
                            (rising edge-triggered cell FDRE clocked by system_i/mdm_1/U0/Use_E2.BSCAN_I/Use_E2.BSCANE2_I/UPDATE  {rise@0.000ns fall@33.333ns period=66.666ns})
  Path Group:             system_i/mdm_1/U0/Use_E2.BSCAN_I/Use_E2.BSCANE2_I/UPDATE
  Path Type:              Setup (Max at Slow Process Corner)
  Requirement:            33.333ns  (system_i/mdm_1/U0/Use_E2.BSCAN_I/Use_E2.BSCANE2_I/UPDATE rise@66.666ns - system_i/mdm_1/U0/Use_E2.BSCAN_I/Use_E2.BSCANE2_I/UPDATE fall@33.333ns)
  Data Path Delay:        2.087ns  (logic 0.486ns (23.287%)  route 1.601ns (76.713%))
  Logic Levels:           3  (LUT3=1 LUT4=1 LUT5=1)
  Clock Path Skew:        -0.059ns (DCD - SCD + CPR)
    Destination Clock Delay (DCD):    2.133ns = ( 68.799 - 66.666 ) 
    Source Clock Delay      (SCD):    7.237ns = ( 40.570 - 33.333 ) 
    Clock Pessimism Removal (CPR):    5.045ns
  Clock Uncertainty:      0.235ns  ((TSJ^2 + TIJ^2)^1/2 + DJ) / 2 + PE + DCD
    Total System Jitter     (TSJ):    0.071ns
    Total Input Jitter      (TIJ):    0.000ns
    Discrete Jitter          (DJ):    0.000ns
    Phase Error              (PE):    0.000ns
    Duty Cycle Distortion   (DCD):    0.200ns
  Clock Net Delay (Source):      0.798ns (routing 0.001ns, distribution 0.797ns)
  Clock Net Delay (Destination): 0.722ns (routing 0.001ns, distribution 0.721ns)

    Location             Delay type                Incr(ns)  Path(ns)    Netlist Resource(s)
  -------------------------------------------------------------------    -------------------
                         (clock system_i/mdm_1/U0/Use_E2.BSCAN_I/Use_E2.BSCANE2_I/UPDATE fall edge)
                                                     33.333    33.333 f  
    CONFIG_SITE_X0Y0     BSCANE2                      0.000    33.333 f  system_i/mdm_1/U0/Use_E2.BSCAN_I/Use_E2.BSCANE2_I/INTERNAL_TCK
    CONFIG_SITE_X0Y0     BSCANE2 (Prop_BSCAN2_CONFIG_SITE_INTERNAL_TCK_UPDATE)
                                                      5.100    38.433 f  system_i/mdm_1/U0/Use_E2.BSCAN_I/Use_E2.BSCANE2_I/UPDATE
                         net (fo=1, routed)           1.311    39.744    system_i/mdm_1/U0/Use_E2.BSCAN_I/Dbg_Update_0
    BUFGCE_X0Y36         BUFGCE (Prop_BUFCE_BUFGCE_I_O)
                                                      0.028    39.772 f  system_i/mdm_1/U0/Use_E2.BSCAN_I/Dbg_Update_0_BUFG_inst/O
    X0Y1 (CLOCK_ROOT)    net (fo=40, routed)          0.798    40.570    system_i/mdm_1/U0/MDM_Core_I1/JTAG_CONTROL_I/Use_BSCAN.FDC_I/CLK
    SLICE_X27Y92         FDCE                                         r  system_i/mdm_1/U0/MDM_Core_I1/JTAG_CONTROL_I/Use_BSCAN.FDC_I/Using_FPGA.Native/C  (IS_INVERTED)
  -------------------------------------------------------------------    -------------------
    SLICE_X27Y92         FDCE (Prop_EFF_SLICEM_C_Q)
                                                      0.076    40.646 f  system_i/mdm_1/U0/MDM_Core_I1/JTAG_CONTROL_I/Use_BSCAN.FDC_I/Using_FPGA.Native/Q
                         net (fo=18, routed)          0.193    40.839    system_i/mdm_1/U0/MDM_Core_I1/JTAG_CONTROL_I/Use_BSCAN.FDC_I/Q_0
    SLICE_X28Y94         LUT3 (Prop_C5LUT_SLICEM_I1_O)
                                                      0.111    40.950 f  system_i/mdm_1/U0/MDM_Core_I1/JTAG_CONTROL_I/Use_BSCAN.FDC_I/Dbg_Reg_En_0[2]_INST_0/O
                         net (fo=2, routed)           0.250    41.200    system_i/microblaze_0/U0/MicroBlaze_Core_I/Performance.Core/Use_Debug_Logic.Master_Core.Debug_Perf/Dbg_Reg_En[2]
    SLICE_X28Y94         LUT4 (Prop_B6LUT_SLICEM_I0_O)
                                                      0.149    41.349 f  system_i/microblaze_0/U0/MicroBlaze_Core_I/Performance.Core/Use_Debug_Logic.Master_Core.Debug_Perf/Dbg_TDO_INST_0_i_18/O
                         net (fo=7, routed)           0.361    41.710    system_i/microblaze_0/U0/MicroBlaze_Core_I/Performance.Core/Use_Debug_Logic.Master_Core.Debug_Perf/Use_Serial_Unified_Completion.completion_block_reg
    SLICE_X28Y82         LUT5 (Prop_G6LUT_SLICEM_I4_O)
                                                      0.150    41.860 r  system_i/microblaze_0/U0/MicroBlaze_Core_I/Performance.Core/Use_Debug_Logic.Master_Core.Debug_Perf/Serial_Dbg_Intf.normal_stop_TClk_i_1/O
                         net (fo=9, routed)           0.797    42.657    system_i/microblaze_0/U0/MicroBlaze_Core_I/Performance.Core/Use_Debug_Logic.Master_Core.Debug_Perf/Control_Reg_En
    SLICE_X28Y67         FDRE                                         r  system_i/microblaze_0/U0/MicroBlaze_Core_I/Performance.Core/Use_Debug_Logic.Master_Core.Debug_Perf/Serial_Dbg_Intf.control_reg_reg[8]/CE
  -------------------------------------------------------------------    -------------------

                         (clock system_i/mdm_1/U0/Use_E2.BSCAN_I/Use_E2.BSCANE2_I/UPDATE rise edge)
                                                     66.666    66.666 f  
    CONFIG_SITE_X0Y0     BSCANE2                      0.000    66.666 f  system_i/mdm_1/U0/Use_E2.BSCAN_I/Use_E2.BSCANE2_I/INTERNAL_TCK
    CONFIG_SITE_X0Y0     BSCANE2 (Prop_BSCAN2_CONFIG_SITE_INTERNAL_TCK_UPDATE)
                                                      0.465    67.131 r  system_i/mdm_1/U0/Use_E2.BSCAN_I/Use_E2.BSCANE2_I/UPDATE
                         net (fo=1, routed)           0.922    68.053    system_i/mdm_1/U0/Use_E2.BSCAN_I/Dbg_Update_0
    BUFGCE_X0Y36         BUFGCE (Prop_BUFCE_BUFGCE_I_O)
                                                      0.024    68.077 r  system_i/mdm_1/U0/Use_E2.BSCAN_I/Dbg_Update_0_BUFG_inst/O
    X0Y1 (CLOCK_ROOT)    net (fo=40, routed)          0.722    68.799    system_i/microblaze_0/U0/MicroBlaze_Core_I/Performance.Core/Use_Debug_Logic.Master_Core.Debug_Perf/Dbg_Update
    SLICE_X28Y67         FDRE                                         r  system_i/microblaze_0/U0/MicroBlaze_Core_I/Performance.Core/Use_Debug_Logic.Master_Core.Debug_Perf/Serial_Dbg_Intf.control_reg_reg[8]/C
                         clock pessimism              5.045    73.844    
                         clock uncertainty           -0.235    73.608    
    SLICE_X28Y67         FDRE (Setup_AFF_SLICEM_C_CE)
                                                     -0.061    73.547    system_i/microblaze_0/U0/MicroBlaze_Core_I/Performance.Core/Use_Debug_Logic.Master_Core.Debug_Perf/Serial_Dbg_Intf.control_reg_reg[8]
  -------------------------------------------------------------------
                         required time                         73.547    
                         arrival time                         -42.657    
  -------------------------------------------------------------------
                         slack                                 30.890    





Min Delay Paths
--------------------------------------------------------------------------------------
Slack (MET) :             0.091ns  (arrival time - required time)
  Source:                 system_i/mdm_1/U0/MDM_Core_I1/JTAG_CONTROL_I/completion_ctrl_reg[0]/C
                            (rising edge-triggered cell FDRE clocked by system_i/mdm_1/U0/Use_E2.BSCAN_I/Use_E2.BSCANE2_I/UPDATE  {rise@0.000ns fall@33.333ns period=66.666ns})
  Destination:            system_i/mdm_1/U0/MDM_Core_I1/JTAG_CONTROL_I/completion_ctrl_reg[0]/D
                            (rising edge-triggered cell FDRE clocked by system_i/mdm_1/U0/Use_E2.BSCAN_I/Use_E2.BSCANE2_I/UPDATE  {rise@0.000ns fall@33.333ns period=66.666ns})
  Path Group:             system_i/mdm_1/U0/Use_E2.BSCAN_I/Use_E2.BSCANE2_I/UPDATE
  Path Type:              Hold (Min at Fast Process Corner)
  Requirement:            0.000ns  (system_i/mdm_1/U0/Use_E2.BSCAN_I/Use_E2.BSCANE2_I/UPDATE rise@0.000ns - system_i/mdm_1/U0/Use_E2.BSCAN_I/Use_E2.BSCANE2_I/UPDATE rise@0.000ns)
  Data Path Delay:        0.144ns  (logic 0.083ns (57.462%)  route 0.061ns (42.538%))
  Logic Levels:           1  (LUT3=1)
  Clock Path Skew:        0.006ns (DCD - SCD - CPR)
    Destination Clock Delay (DCD):    6.546ns
    Source Clock Delay      (SCD):    1.622ns
    Clock Pessimism Removal (CPR):    4.918ns
  Clock Net Delay (Source):      0.450ns (routing 0.000ns, distribution 0.450ns)
  Clock Net Delay (Destination): 0.512ns (routing 0.001ns, distribution 0.511ns)

    Location             Delay type                Incr(ns)  Path(ns)    Netlist Resource(s)
  -------------------------------------------------------------------    -------------------
                         (clock system_i/mdm_1/U0/Use_E2.BSCAN_I/Use_E2.BSCANE2_I/UPDATE rise edge)
                                                      0.000     0.000 r  
    CONFIG_SITE_X0Y0     BSCANE2                      0.000     0.000 f  system_i/mdm_1/U0/Use_E2.BSCAN_I/Use_E2.BSCANE2_I/INTERNAL_TCK
    CONFIG_SITE_X0Y0     BSCANE2 (Prop_BSCAN2_CONFIG_SITE_INTERNAL_TCK_UPDATE)
                                                      0.465     0.465 r  system_i/mdm_1/U0/Use_E2.BSCAN_I/Use_E2.BSCANE2_I/UPDATE
                         net (fo=1, routed)           0.690     1.155    system_i/mdm_1/U0/Use_E2.BSCAN_I/Dbg_Update_0
    BUFGCE_X0Y36         BUFGCE (Prop_BUFCE_BUFGCE_I_O)
                                                      0.017     1.172 r  system_i/mdm_1/U0/Use_E2.BSCAN_I/Dbg_Update_0_BUFG_inst/O
    X0Y1 (CLOCK_ROOT)    net (fo=40, routed)          0.450     1.622    system_i/mdm_1/U0/MDM_Core_I1/JTAG_CONTROL_I/CLK
    SLICE_X28Y89         FDRE                                         r  system_i/mdm_1/U0/MDM_Core_I1/JTAG_CONTROL_I/completion_ctrl_reg[0]/C
  -------------------------------------------------------------------    -------------------
    SLICE_X28Y89         FDRE (Prop_DFF2_SLICEM_C_Q)
                                                      0.041     1.663 r  system_i/mdm_1/U0/MDM_Core_I1/JTAG_CONTROL_I/completion_ctrl_reg[0]/Q
                         net (fo=2, routed)           0.052     1.715    system_i/mdm_1/U0/MDM_Core_I1/JTAG_CONTROL_I/Use_BSCAN.FDC_I/completion_ctrl
    SLICE_X28Y89         LUT3 (Prop_D5LUT_SLICEM_I2_O)
                                                      0.042     1.757 r  system_i/mdm_1/U0/MDM_Core_I1/JTAG_CONTROL_I/Use_BSCAN.FDC_I/completion_ctrl[0]_i_1/O
                         net (fo=1, routed)           0.009     1.766    system_i/mdm_1/U0/MDM_Core_I1/JTAG_CONTROL_I/Use_BSCAN.FDC_I_n_35
    SLICE_X28Y89         FDRE                                         r  system_i/mdm_1/U0/MDM_Core_I1/JTAG_CONTROL_I/completion_ctrl_reg[0]/D
  -------------------------------------------------------------------    -------------------

                         (clock system_i/mdm_1/U0/Use_E2.BSCAN_I/Use_E2.BSCANE2_I/UPDATE rise edge)
                                                      0.000     0.000 f  
    CONFIG_SITE_X0Y0     BSCANE2                      0.000     0.000 f  system_i/mdm_1/U0/Use_E2.BSCAN_I/Use_E2.BSCANE2_I/INTERNAL_TCK
    CONFIG_SITE_X0Y0     BSCANE2 (Prop_BSCAN2_CONFIG_SITE_INTERNAL_TCK_UPDATE)
                                                      5.100     5.100 r  system_i/mdm_1/U0/Use_E2.BSCAN_I/Use_E2.BSCANE2_I/UPDATE
                         net (fo=1, routed)           0.915     6.015    system_i/mdm_1/U0/Use_E2.BSCAN_I/Dbg_Update_0
    BUFGCE_X0Y36         BUFGCE (Prop_BUFCE_BUFGCE_I_O)
                                                      0.019     6.034 r  system_i/mdm_1/U0/Use_E2.BSCAN_I/Dbg_Update_0_BUFG_inst/O
    X0Y1 (CLOCK_ROOT)    net (fo=40, routed)          0.512     6.546    system_i/mdm_1/U0/MDM_Core_I1/JTAG_CONTROL_I/CLK
    SLICE_X28Y89         FDRE                                         r  system_i/mdm_1/U0/MDM_Core_I1/JTAG_CONTROL_I/completion_ctrl_reg[0]/C
                         clock pessimism             -4.918     1.628    
    SLICE_X28Y89         FDRE (Hold_DFF2_SLICEM_C_D)
                                                      0.047     1.675    system_i/mdm_1/U0/MDM_Core_I1/JTAG_CONTROL_I/completion_ctrl_reg[0]
  -------------------------------------------------------------------
                         required time                         -1.675    
                         arrival time                           1.766    
  -------------------------------------------------------------------
                         slack                                  0.091    





Pulse Width Checks
--------------------------------------------------------------------------------------
Clock Name:         system_i/mdm_1/U0/Use_E2.BSCAN_I/Use_E2.BSCANE2_I/UPDATE
Waveform(ns):       { 0.000 33.333 }
Period(ns):         66.666
Sources:            { system_i/mdm_1/U0/Use_E2.BSCAN_I/Use_E2.BSCANE2_I/UPDATE }

Check Type        Corner  Lib Pin   Reference Pin  Required(ns)  Actual(ns)  Slack(ns)  Location      Pin
Min Period        n/a     BUFGCE/I  n/a            1.290         66.666      65.376     BUFGCE_X0Y36  system_i/mdm_1/U0/Use_E2.BSCAN_I/Dbg_Update_0_BUFG_inst/I
Low Pulse Width   Slow    FDCE/C    n/a            0.275         33.333      33.058     SLICE_X29Y96  system_i/mdm_1/U0/MDM_Core_I1/Use_BSCAN.PORT_Selector_1_reg[0]/C
High Pulse Width  Slow    FDCE/C    n/a            0.275         33.333      33.058     SLICE_X29Y96  system_i/mdm_1/U0/MDM_Core_I1/Use_BSCAN.PORT_Selector_1_reg[0]/C



---------------------------------------------------------------------------------------------------
Path Group:  **default**
From Clock:  sysclk
  To Clock:  

Setup :            0  Failing Endpoints,  Worst Slack       14.564ns,  Total Violation        0.000ns
Hold  :           NA  Failing Endpoints,  Worst Slack           NA  ,  Total Violation           NA
---------------------------------------------------------------------------------------------------


Max Delay Paths
--------------------------------------------------------------------------------------
Slack (MET) :             14.564ns  (required time - arrival time)
  Source:                 system_i/axi_uartlite_0/U0/UARTLITE_CORE_I/UARTLITE_TX_I/TX_reg/C
                            (rising edge-triggered cell FDSE clocked by sysclk  {rise@0.000ns fall@2.500ns period=5.000ns})
  Destination:            usb_uart_txd
  Path Group:             **default**
  Path Type:              Max at Slow Process Corner
  Requirement:            21.112ns  (MaxDelay Path 21.112ns)
  Data Path Delay:        4.182ns  (logic 2.894ns (69.198%)  route 1.288ns (30.802%))
  Logic Levels:           1  (OBUF=1)
  Output Delay:           0.000ns
  Clock Path Skew:        -2.366ns (DCD - SCD + CPR)
    Destination Clock Delay (DCD):    0.000ns
    Source Clock Delay      (SCD):    2.366ns
    Clock Pessimism Removal (CPR):    0.000ns
  Clock Net Delay (Source):      1.224ns (routing 0.171ns, distribution 1.053ns)
  Timing Exception:       MaxDelay Path 21.112ns

    Location             Delay type                Incr(ns)  Path(ns)    Netlist Resource(s)
  -------------------------------------------------------------------    -------------------
                         (clock sysclk rise edge)     0.000     0.000 r  
    T24                                               0.000     0.000 r  sysclk_p (IN)
                         net (fo=0)                   0.100     0.100    IBUFDS_sysclk/I
    HPIOBDIFFINBUF_X0Y36 DIFFINBUF (Prop_DIFFINBUF_HPIOBDIFFINBUF_DIFF_IN_P_O)
                                                      0.629     0.729 r  IBUFDS_sysclk/DIFFINBUF_INST/O
                         net (fo=1, routed)           0.050     0.779    IBUFDS_sysclk/OUT
    T24                  IBUFCTRL (Prop_IBUFCTRL_HPIOB_M_I_O)
                                                      0.000     0.779 r  IBUFDS_sysclk/IBUFCTRL_INST/O
                         net (fo=1, routed)           0.335     1.114    sysclk
    BUFGCE_X0Y45         BUFGCE (Prop_BUFCE_BUFGCE_I_O)
                                                      0.028     1.142 r  BUFG_sysclk/O
    X0Y1 (CLOCK_ROOT)    net (fo=10094, routed)       1.224     2.366    system_i/axi_uartlite_0/U0/UARTLITE_CORE_I/UARTLITE_TX_I/s_axi_aclk
    SLICE_X16Y81         FDSE                                         r  system_i/axi_uartlite_0/U0/UARTLITE_CORE_I/UARTLITE_TX_I/TX_reg/C
  -------------------------------------------------------------------    -------------------
    SLICE_X16Y81         FDSE (Prop_FFF2_SLICEL_C_Q)
                                                      0.081     2.447 r  system_i/axi_uartlite_0/U0/UARTLITE_CORE_I/UARTLITE_TX_I/TX_reg/Q
                         net (fo=1, routed)           1.288     3.735    usb_uart_txd_OBUF
    A13                  OBUF (Prop_OUTBUF_HDIOB_M_I_O)
                                                      2.813     6.548 r  usb_uart_txd_OBUF_inst/O
                         net (fo=0)                   0.000     6.548    usb_uart_txd
    A13                                                               r  usb_uart_txd (OUT)
  -------------------------------------------------------------------    -------------------

                         max delay                   21.112    21.112    
                         clock pessimism              0.000    21.112    
                         output delay                -0.000    21.112    
  -------------------------------------------------------------------
                         required time                         21.112    
                         arrival time                          -6.548    
  -------------------------------------------------------------------
                         slack                                 14.564    





