Copyright 1986-2022 Xilinx, Inc. All Rights Reserved. Copyright 2022-2023 Advanced Micro Devices, Inc. All Rights Reserved.
---------------------------------------------------------------------------------------------------------------------------------------------
| Tool Version : Vivado v.2023.2 (lin64) Build 4029153 Fri Oct 13 20:13:54 MDT 2023
| Date         : Sun May 19 07:55:50 2024
| Host         : WD850X2TB running 64-bit Ubuntu 22.04.4 LTS
| Command      : report_utilization -file ./results/utilization.rpt
| Design       : top
| Device       : xcau15p-ffvb676-2-i
| Speed File   : -2
| Design State : Routed
---------------------------------------------------------------------------------------------------------------------------------------------

Utilization Design Information

Table of Contents
-----------------
1. CLB Logic
1.1 Summary of Registers by Type
2. CLB Logic Distribution
3. BLOCKRAM
4. ARITHMETIC
5. I/O
6. CLOCK
7. ADVANCED
8. CONFIGURATION
9. Primitives
10. Black Boxes
11. Instantiated Netlists

1. CLB Logic
------------

+----------------------------+-------+-------+------------+-----------+-------+
|          Site Type         |  Used | Fixed | Prohibited | Available | Util% |
+----------------------------+-------+-------+------------+-----------+-------+
| CLB LUTs                   | 20503 |     0 |          0 |     77760 | 26.37 |
|   LUT as Logic             | 17613 |     0 |          0 |     77760 | 22.65 |
|   LUT as Memory            |  2890 |     0 |          0 |     40320 |  7.17 |
|     LUT as Distributed RAM |  2794 |     0 |            |           |       |
|     LUT as Shift Register  |    96 |     0 |            |           |       |
| CLB Registers              | 27394 |     0 |          0 |    155520 | 17.61 |
|   Register as Flip Flop    | 27394 |     0 |          0 |    155520 | 17.61 |
|   Register as Latch        |     0 |     0 |          0 |    155520 |  0.00 |
| CARRY8                     |   320 |     0 |          0 |      9720 |  3.29 |
| F7 Muxes                   |   281 |     0 |          0 |     38880 |  0.72 |
| F8 Muxes                   |    73 |     0 |          0 |     19440 |  0.38 |
| F9 Muxes                   |     0 |     0 |          0 |      9720 |  0.00 |
+----------------------------+-------+-------+------------+-----------+-------+
* Warning! LUT value is adjusted to account for LUT combining.


1.1 Summary of Registers by Type
--------------------------------

+-------+--------------+-------------+--------------+
| Total | Clock Enable | Synchronous | Asynchronous |
+-------+--------------+-------------+--------------+
| 0     |            _ |           - |            - |
| 0     |            _ |           - |          Set |
| 0     |            _ |           - |        Reset |
| 0     |            _ |         Set |            - |
| 0     |            _ |       Reset |            - |
| 0     |          Yes |           - |            - |
| 88    |          Yes |           - |          Set |
| 343   |          Yes |           - |        Reset |
| 499   |          Yes |         Set |            - |
| 26464 |          Yes |       Reset |            - |
+-------+--------------+-------------+--------------+


2. CLB Logic Distribution
-------------------------

+--------------------------------------------+-------+-------+------------+-----------+-------+
|                  Site Type                 |  Used | Fixed | Prohibited | Available | Util% |
+--------------------------------------------+-------+-------+------------+-----------+-------+
| CLB                                        |  4208 |     0 |          0 |      9720 | 43.29 |
|   CLBL                                     |  2027 |     0 |            |           |       |
|   CLBM                                     |  2181 |     0 |            |           |       |
| LUT as Logic                               | 17613 |     0 |          0 |     77760 | 22.65 |
|   using O5 output only                     |   532 |       |            |           |       |
|   using O6 output only                     | 11468 |       |            |           |       |
|   using O5 and O6                          |  5613 |       |            |           |       |
| LUT as Memory                              |  2890 |     0 |          0 |     40320 |  7.17 |
|   LUT as Distributed RAM                   |  2794 |     0 |            |           |       |
|     using O5 output only                   |     0 |       |            |           |       |
|     using O6 output only                   |   184 |       |            |           |       |
|     using O5 and O6                        |  2610 |       |            |           |       |
|   LUT as Shift Register                    |    96 |     0 |            |           |       |
|     using O5 output only                   |     0 |       |            |           |       |
|     using O6 output only                   |    96 |       |            |           |       |
|     using O5 and O6                        |     0 |       |            |           |       |
| CLB Registers                              | 27394 |     0 |          0 |    155520 | 17.61 |
|   Register driven from within the CLB      | 16563 |       |            |           |       |
|   Register driven from outside the CLB     | 10831 |       |            |           |       |
|     LUT in front of the register is unused |  8050 |       |            |           |       |
|     LUT in front of the register is used   |  2781 |       |            |           |       |
| Unique Control Sets                        |  1367 |       |          0 |     19440 |  7.03 |
+--------------------------------------------+-------+-------+------------+-----------+-------+
* * Note: Available Control Sets calculated as Slices * 2, Review the Control Sets Report for more information regarding control sets.


3. BLOCKRAM
-----------

+-------------------+------+-------+------------+-----------+-------+
|     Site Type     | Used | Fixed | Prohibited | Available | Util% |
+-------------------+------+-------+------------+-----------+-------+
| Block RAM Tile    |   39 |     0 |          0 |       144 | 27.08 |
|   RAMB36/FIFO*    |   39 |     0 |          0 |       144 | 27.08 |
|     RAMB36E2 only |   39 |       |            |           |       |
|   RAMB18          |    0 |     0 |          0 |       288 |  0.00 |
+-------------------+------+-------+------------+-----------+-------+
* Note: Each Block RAM Tile only has one FIFO logic available and therefore can accommodate only one FIFO36E2 or one FIFO18E2. However, if a FIFO18E2 occupies a Block RAM Tile, that tile can still accommodate a RAMB18E2


4. ARITHMETIC
-------------

+-----------+------+-------+------------+-----------+-------+
| Site Type | Used | Fixed | Prohibited | Available | Util% |
+-----------+------+-------+------------+-----------+-------+
| DSPs      |    0 |     0 |          0 |       576 |  0.00 |
+-----------+------+-------+------------+-----------+-------+


5. I/O
------

+------------------+------+-------+------------+-----------+-------+
|     Site Type    | Used | Fixed | Prohibited | Available | Util% |
+------------------+------+-------+------------+-----------+-------+
| Bonded IOB       |    3 |     3 |          0 |       228 |  1.32 |
| HPIOB_M          |    0 |     0 |          0 |        72 |  0.00 |
| HPIOB_S          |    0 |     0 |          0 |        72 |  0.00 |
| HDIOB_M          |    0 |     0 |          0 |        36 |  0.00 |
| HDIOB_S          |    0 |     0 |          0 |        36 |  0.00 |
| HPIOB_SNGL       |    3 |     3 |          0 |        12 | 25.00 |
|   INPUT          |    1 |       |            |           |       |
|   OUTPUT         |    2 |       |            |           |       |
|   BIDIR          |    0 |       |            |           |       |
| HPIOBDIFFINBUF   |    0 |     0 |          0 |        72 |  0.00 |
| HPIOBDIFFOUTBUF  |    0 |     0 |          0 |        72 |  0.00 |
| HDIOBDIFFINBUF   |    0 |     0 |          0 |        36 |  0.00 |
| BITSLICE_CONTROL |    0 |     0 |          0 |        24 |  0.00 |
| BITSLICE_RX_TX   |    0 |     0 |          0 |       936 |  0.00 |
| BITSLICE_TX      |    0 |     0 |          0 |        24 |  0.00 |
| RIU_OR           |    0 |     0 |          0 |        12 |  0.00 |
+------------------+------+-------+------------+-----------+-------+


6. CLOCK
--------

+----------------------+------+-------+------------+-----------+-------+
|       Site Type      | Used | Fixed | Prohibited | Available | Util% |
+----------------------+------+-------+------------+-----------+-------+
| GLOBAL CLOCK BUFFERs |    9 |     0 |          0 |       192 |  4.69 |
|   BUFGCE             |    0 |     0 |          0 |        84 |  0.00 |
|   BUFGCE_DIV         |    0 |     0 |          0 |        12 |  0.00 |
|   BUFG_GT            |    9 |     0 |          0 |        72 | 12.50 |
|   BUFGCTRL*          |    0 |     0 |          0 |        24 |  0.00 |
| PLL                  |    0 |     0 |          0 |         6 |  0.00 |
| MMCM                 |    0 |     0 |          0 |         3 |  0.00 |
+----------------------+------+-------+------------+-----------+-------+
* Note: Each used BUFGCTRL counts as two GLOBAL CLOCK BUFFERs. This table does not include global clocking resources, only buffer cell usage. See the Clock Utilization Report (report_clock_utilization) for detailed accounting of global clocking resource availability.


7. ADVANCED
-----------

+-----------------+------+-------+------------+-----------+--------+
|    Site Type    | Used | Fixed | Prohibited | Available |  Util% |
+-----------------+------+-------+------------+-----------+--------+
| GTHE4_CHANNEL   |    4 |     4 |          0 |        12 |  33.33 |
| GTHE4_COMMON    |    1 |     0 |          0 |         3 |  33.33 |
| OBUFDS_GTE4     |    0 |     0 |          0 |         6 |   0.00 |
| OBUFDS_GTE4_ADV |    0 |     0 |          0 |         6 |   0.00 |
| PCIE4CE4        |    1 |     1 |          0 |         1 | 100.00 |
| SYSMONE4        |    0 |     0 |          0 |         1 |   0.00 |
+-----------------+------+-------+------------+-----------+--------+


8. CONFIGURATION
----------------

+-------------+------+-------+------------+-----------+-------+
|  Site Type  | Used | Fixed | Prohibited | Available | Util% |
+-------------+------+-------+------------+-----------+-------+
| BSCANE2     |    0 |     0 |          0 |         4 |  0.00 |
| DNA_PORTE2  |    0 |     0 |          0 |         1 |  0.00 |
| EFUSE_USR   |    0 |     0 |          0 |         1 |  0.00 |
| FRAME_ECCE4 |    0 |     0 |          0 |         1 |  0.00 |
| ICAPE3      |    0 |     0 |          0 |         2 |  0.00 |
| MASTER_JTAG |    0 |     0 |          0 |         1 |  0.00 |
| STARTUPE3   |    0 |     0 |          0 |         1 |  0.00 |
+-------------+------+-------+------------+-----------+-------+


9. Primitives
-------------

+---------------+-------+---------------------+
|    Ref Name   |  Used | Functional Category |
+---------------+-------+---------------------+
| FDRE          | 26464 |            Register |
| LUT6          |  6557 |                 CLB |
| LUT3          |  6346 |                 CLB |
| RAMD32        |  4584 |                 CLB |
| LUT5          |  3916 |                 CLB |
| LUT4          |  3675 |                 CLB |
| LUT2          |  2209 |                 CLB |
| RAMS32        |   656 |                 CLB |
| LUT1          |   523 |                 CLB |
| FDSE          |   499 |            Register |
| FDCE          |   343 |            Register |
| CARRY8        |   320 |                 CLB |
| MUXF7         |   281 |                 CLB |
| RAMD64E       |   128 |                 CLB |
| FDPE          |    88 |            Register |
| MUXF8         |    73 |                 CLB |
| SRL16E        |    72 |                 CLB |
| RAMB36E2      |    39 |            BLOCKRAM |
| RAMS64E       |    36 |                 CLB |
| SRLC32E       |    24 |                 CLB |
| BUFG_GT       |     9 |               Clock |
| BUFG_GT_SYNC  |     5 |               Clock |
| GTHE4_CHANNEL |     4 |            Advanced |
| OBUF          |     2 |                 I/O |
| PCIE4CE4      |     1 |            Advanced |
| INBUF         |     1 |                 I/O |
| IBUFDS_GTE4   |     1 |                 I/O |
| IBUFCTRL      |     1 |              Others |
| GTHE4_COMMON  |     1 |            Advanced |
+---------------+-------+---------------------+


10. Black Boxes
---------------

+----------+------+
| Ref Name | Used |
+----------+------+


11. Instantiated Netlists
-------------------------

+----------+------+
| Ref Name | Used |
+----------+------+


