Copyright 1986-2022 Xilinx, Inc. All Rights Reserved.
--------------------------------------------------------------------------------------
| Tool Version : Vivado v.2022.1.1 (lin64) Build 3557992 Fri Jun  3 09:56:20 MDT 2022
| Date         : Tue Aug 16 16:13:46 2022
| Host         : WD-SN850 running 64-bit Ubuntu 20.04.4 LTS
| Command      : report_utilization -file ./results/utilization.rpt
| Design       : top
| Device       : xczu2cg-sfvc784-1-e
| Speed File   : -1
| Design State : Routed
--------------------------------------------------------------------------------------

Utilization Design Information

Table of Contents
-----------------
1. CLB Logic
1.1 Summary of Registers by Type
2. CLB Logic Distribution
3. BLOCKRAM
4. ARITHMETIC
5. I/O
6. CLOCK
7. ADVANCED
8. CONFIGURATION
9. Primitives
10. Black Boxes
11. Instantiated Netlists

1. CLB Logic
------------

+----------------------------+------+-------+------------+-----------+-------+
|          Site Type         | Used | Fixed | Prohibited | Available | Util% |
+----------------------------+------+-------+------------+-----------+-------+
| CLB LUTs                   | 4056 |     0 |          0 |     47232 |  8.59 |
|   LUT as Logic             | 3573 |     0 |          0 |     47232 |  7.56 |
|   LUT as Memory            |  483 |     0 |          0 |     28800 |  1.68 |
|     LUT as Distributed RAM |  176 |     0 |            |           |       |
|     LUT as Shift Register  |  307 |     0 |            |           |       |
| CLB Registers              | 5659 |     0 |          0 |     94464 |  5.99 |
|   Register as Flip Flop    | 5659 |     0 |          0 |     94464 |  5.99 |
|   Register as Latch        |    0 |     0 |          0 |     94464 |  0.00 |
| CARRY8                     |   64 |     0 |          0 |      8820 |  0.73 |
| F7 Muxes                   |  159 |     0 |          0 |     35280 |  0.45 |
| F8 Muxes                   |   34 |     0 |          0 |     17640 |  0.19 |
| F9 Muxes                   |    0 |     0 |          0 |      8820 |  0.00 |
+----------------------------+------+-------+------------+-----------+-------+


1.1 Summary of Registers by Type
--------------------------------

+-------+--------------+-------------+--------------+
| Total | Clock Enable | Synchronous | Asynchronous |
+-------+--------------+-------------+--------------+
| 0     |            _ |           - |            - |
| 0     |            _ |           - |          Set |
| 0     |            _ |           - |        Reset |
| 0     |            _ |         Set |            - |
| 0     |            _ |       Reset |            - |
| 0     |          Yes |           - |            - |
| 74    |          Yes |           - |          Set |
| 253   |          Yes |           - |        Reset |
| 49    |          Yes |         Set |            - |
| 5283  |          Yes |       Reset |            - |
+-------+--------------+-------------+--------------+


2. CLB Logic Distribution
-------------------------

+--------------------------------------------+------+-------+------------+-----------+-------+
|                  Site Type                 | Used | Fixed | Prohibited | Available | Util% |
+--------------------------------------------+------+-------+------------+-----------+-------+
| CLB                                        |  977 |     0 |          0 |      8820 | 11.08 |
|   CLBL                                     |  588 |     0 |            |           |       |
|   CLBM                                     |  389 |     0 |            |           |       |
| LUT as Logic                               | 3573 |     0 |          0 |     47232 |  7.56 |
|   using O5 output only                     |  114 |       |            |           |       |
|   using O6 output only                     | 2749 |       |            |           |       |
|   using O5 and O6                          |  710 |       |            |           |       |
| LUT as Memory                              |  483 |     0 |          0 |     28800 |  1.68 |
|   LUT as Distributed RAM                   |  176 |     0 |            |           |       |
|     using O5 output only                   |    0 |       |            |           |       |
|     using O6 output only                   |  116 |       |            |           |       |
|     using O5 and O6                        |   60 |       |            |           |       |
|   LUT as Shift Register                    |  307 |     0 |            |           |       |
|     using O5 output only                   |    0 |       |            |           |       |
|     using O6 output only                   |  108 |       |            |           |       |
|     using O5 and O6                        |  199 |       |            |           |       |
| CLB Registers                              | 5659 |     0 |          0 |     94464 |  5.99 |
|   Register driven from within the CLB      | 2668 |       |            |           |       |
|   Register driven from outside the CLB     | 2991 |       |            |           |       |
|     LUT in front of the register is unused | 2098 |       |            |           |       |
|     LUT in front of the register is used   |  893 |       |            |           |       |
| Unique Control Sets                        |  328 |       |          0 |     17640 |  1.86 |
+--------------------------------------------+------+-------+------------+-----------+-------+
* * Note: Available Control Sets calculated as Slices * 2, Review the Control Sets Report for more information regarding control sets.


3. BLOCKRAM
-----------

+-------------------+------+-------+------------+-----------+-------+
|     Site Type     | Used | Fixed | Prohibited | Available | Util% |
+-------------------+------+-------+------------+-----------+-------+
| Block RAM Tile    |    1 |     0 |          0 |       150 |  0.67 |
|   RAMB36/FIFO*    |    1 |     0 |          0 |       150 |  0.67 |
|     RAMB36E2 only |    1 |       |            |           |       |
|   RAMB18          |    0 |     0 |          0 |       300 |  0.00 |
+-------------------+------+-------+------------+-----------+-------+
* Note: Each Block RAM Tile only has one FIFO logic available and therefore can accommodate only one FIFO36E2 or one FIFO18E2. However, if a FIFO18E2 occupies a Block RAM Tile, that tile can still accommodate a RAMB18E2


4. ARITHMETIC
-------------

+-----------+------+-------+------------+-----------+-------+
| Site Type | Used | Fixed | Prohibited | Available | Util% |
+-----------+------+-------+------------+-----------+-------+
| DSPs      |    0 |     0 |          0 |       240 |  0.00 |
+-----------+------+-------+------------+-----------+-------+


5. I/O
------

+------------------+------+-------+------------+-----------+-------+
|     Site Type    | Used | Fixed | Prohibited | Available | Util% |
+------------------+------+-------+------------+-----------+-------+
| Bonded IOB       |    2 |     2 |          0 |       252 |  0.79 |
| HPIOB_M          |    0 |     0 |          0 |        72 |  0.00 |
| HPIOB_S          |    0 |     0 |          0 |        72 |  0.00 |
| HDIOB_M          |    2 |     2 |          0 |        48 |  4.17 |
|   INPUT          |    0 |       |            |           |       |
|   OUTPUT         |    2 |       |            |           |       |
|   BIDIR          |    0 |       |            |           |       |
| HDIOB_S          |    0 |     0 |          0 |        48 |  0.00 |
| HPIOB_SNGL       |    0 |     0 |          0 |        12 |  0.00 |
| HPIOBDIFFINBUF   |    0 |     0 |          0 |        72 |  0.00 |
| HPIOBDIFFOUTBUF  |    0 |     0 |          0 |        72 |  0.00 |
| HDIOBDIFFINBUF   |    0 |     0 |          0 |        48 |  0.00 |
| BITSLICE_CONTROL |    0 |     0 |          0 |        24 |  0.00 |
| BITSLICE_RX_TX   |    0 |     0 |          0 |       936 |  0.00 |
| BITSLICE_TX      |    0 |     0 |          0 |        24 |  0.00 |
| RIU_OR           |    0 |     0 |          0 |        12 |  0.00 |
+------------------+------+-------+------------+-----------+-------+


6. CLOCK
--------

+----------------------+------+-------+------------+-----------+-------+
|       Site Type      | Used | Fixed | Prohibited | Available | Util% |
+----------------------+------+-------+------------+-----------+-------+
| GLOBAL CLOCK BUFFERs |    2 |     0 |          0 |       196 |  1.02 |
|   BUFGCE             |    1 |     0 |          0 |        88 |  1.14 |
|   BUFGCE_DIV         |    0 |     0 |          0 |        12 |  0.00 |
|   BUFG_PS            |    1 |     0 |          0 |        72 |  1.39 |
|   BUFGCTRL*          |    0 |     0 |          0 |        24 |  0.00 |
| PLL                  |    0 |     0 |          0 |         6 |  0.00 |
| MMCM                 |    0 |     0 |          0 |         3 |  0.00 |
+----------------------+------+-------+------------+-----------+-------+
* Note: Each used BUFGCTRL counts as two GLOBAL CLOCK BUFFERs. This table does not include global clocking resources, only buffer cell usage. See the Clock Utilization Report (report_clock_utilization) for detailed accounting of global clocking resource availability.


7. ADVANCED
-----------

+-----------+------+-------+------------+-----------+--------+
| Site Type | Used | Fixed | Prohibited | Available |  Util% |
+-----------+------+-------+------------+-----------+--------+
| PS8       |    1 |     0 |          0 |         1 | 100.00 |
| SYSMONE4  |    0 |     0 |          0 |         1 |   0.00 |
+-----------+------+-------+------------+-----------+--------+


8. CONFIGURATION
----------------

+-------------+------+-------+------------+-----------+-------+
|  Site Type  | Used | Fixed | Prohibited | Available | Util% |
+-------------+------+-------+------------+-----------+-------+
| BSCANE2     |    1 |     0 |          0 |         4 | 25.00 |
| DNA_PORTE2  |    0 |     0 |          0 |         1 |  0.00 |
| EFUSE_USR   |    0 |     0 |          0 |         1 |  0.00 |
| FRAME_ECCE4 |    0 |     0 |          0 |         1 |  0.00 |
| ICAPE3      |    0 |     0 |          0 |         2 |  0.00 |
| MASTER_JTAG |    0 |     0 |          0 |         1 |  0.00 |
| STARTUPE3   |    0 |     0 |          0 |         1 |  0.00 |
+-------------+------+-------+------------+-----------+-------+


9. Primitives
-------------

+----------+------+---------------------+
| Ref Name | Used | Functional Category |
+----------+------+---------------------+
| FDRE     | 5283 |            Register |
| LUT6     | 1840 |                 CLB |
| LUT4     |  738 |                 CLB |
| LUT5     |  681 |                 CLB |
| LUT3     |  577 |                 CLB |
| LUT2     |  330 |                 CLB |
| SRLC32E  |  276 |                 CLB |
| FDCE     |  253 |            Register |
| SRL16E   |  228 |                 CLB |
| MUXF7    |  159 |                 CLB |
| LUT1     |  117 |                 CLB |
| RAMD64E  |  112 |                 CLB |
| RAMD32   |  110 |                 CLB |
| FDPE     |   74 |            Register |
| CARRY8   |   64 |                 CLB |
| FDSE     |   49 |            Register |
| MUXF8    |   34 |                 CLB |
| RAMS32   |   14 |                 CLB |
| SRLC16E  |    2 |                 CLB |
| OBUF     |    2 |                 I/O |
| RAMB36E2 |    1 |            BLOCKRAM |
| PS8      |    1 |            Advanced |
| BUFG_PS  |    1 |               Clock |
| BUFGCE   |    1 |               Clock |
| BSCANE2  |    1 |       Configuration |
+----------+------+---------------------+


10. Black Boxes
---------------

+----------+------+
| Ref Name | Used |
+----------+------+


11. Instantiated Netlists
-------------------------

+----------+------+
| Ref Name | Used |
+----------+------+
| top_ila  |    1 |
| dbg_hub  |    1 |
+----------+------+


