Copyright 1986-2022 Xilinx, Inc. All Rights Reserved. Copyright 2022-2023 Advanced Micro Devices, Inc. All Rights Reserved.
---------------------------------------------------------------------------------------------------------------------------------------------
| Tool Version : Vivado v.2023.2 (lin64) Build 4029153 Fri Oct 13 20:13:54 MDT 2023
| Date         : Tue May  7 16:05:57 2024
| Host         : WD850X2TB running 64-bit Ubuntu 22.04.4 LTS
| Command      : report_utilization -file ./results/utilization.rpt
| Design       : top
| Device       : xcau15p-ffvb676-2-i
| Speed File   : -2
| Design State : Routed
---------------------------------------------------------------------------------------------------------------------------------------------

Utilization Design Information

Table of Contents
-----------------
1. CLB Logic
1.1 Summary of Registers by Type
2. CLB Logic Distribution
3. BLOCKRAM
4. ARITHMETIC
5. I/O
6. CLOCK
7. ADVANCED
8. CONFIGURATION
9. Primitives
10. Black Boxes
11. Instantiated Netlists

1. CLB Logic
------------

+----------------------------+-------+-------+------------+-----------+-------+
|          Site Type         |  Used | Fixed | Prohibited | Available | Util% |
+----------------------------+-------+-------+------------+-----------+-------+
| CLB LUTs                   | 44545 |     0 |          0 |     77760 | 57.29 |
|   LUT as Logic             | 39128 |     0 |          0 |     77760 | 50.32 |
|   LUT as Memory            |  5417 |     0 |          0 |     40320 | 13.44 |
|     LUT as Distributed RAM |  5306 |     0 |            |           |       |
|     LUT as Shift Register  |   111 |     0 |            |           |       |
| CLB Registers              | 51414 |     0 |          0 |    155520 | 33.06 |
|   Register as Flip Flop    | 51414 |     0 |          0 |    155520 | 33.06 |
|   Register as Latch        |     0 |     0 |          0 |    155520 |  0.00 |
| CARRY8                     |   860 |     0 |          0 |      9720 |  8.85 |
| F7 Muxes                   |   861 |     0 |          0 |     38880 |  2.21 |
| F8 Muxes                   |    91 |     0 |          0 |     19440 |  0.47 |
| F9 Muxes                   |     0 |     0 |          0 |      9720 |  0.00 |
+----------------------------+-------+-------+------------+-----------+-------+
* Warning! LUT value is adjusted to account for LUT combining.


1.1 Summary of Registers by Type
--------------------------------

+-------+--------------+-------------+--------------+
| Total | Clock Enable | Synchronous | Asynchronous |
+-------+--------------+-------------+--------------+
| 0     |            _ |           - |            - |
| 0     |            _ |           - |          Set |
| 0     |            _ |           - |        Reset |
| 0     |            _ |         Set |            - |
| 0     |            _ |       Reset |            - |
| 0     |          Yes |           - |            - |
| 133   |          Yes |           - |          Set |
| 349   |          Yes |           - |        Reset |
| 671   |          Yes |         Set |            - |
| 50261 |          Yes |       Reset |            - |
+-------+--------------+-------------+--------------+


2. CLB Logic Distribution
-------------------------

+--------------------------------------------+-------+-------+------------+-----------+-------+
|                  Site Type                 |  Used | Fixed | Prohibited | Available | Util% |
+--------------------------------------------+-------+-------+------------+-----------+-------+
| CLB                                        |  8873 |     0 |          0 |      9720 | 91.29 |
|   CLBL                                     |  4211 |     0 |            |           |       |
|   CLBM                                     |  4662 |     0 |            |           |       |
| LUT as Logic                               | 39128 |     0 |          0 |     77760 | 50.32 |
|   using O5 output only                     |   752 |       |            |           |       |
|   using O6 output only                     | 26987 |       |            |           |       |
|   using O5 and O6                          | 11389 |       |            |           |       |
| LUT as Memory                              |  5417 |     0 |          0 |     40320 | 13.44 |
|   LUT as Distributed RAM                   |  5306 |     0 |            |           |       |
|     using O5 output only                   |     0 |       |            |           |       |
|     using O6 output only                   |    54 |       |            |           |       |
|     using O5 and O6                        |  5252 |       |            |           |       |
|   LUT as Shift Register                    |   111 |     0 |            |           |       |
|     using O5 output only                   |     0 |       |            |           |       |
|     using O6 output only                   |   111 |       |            |           |       |
|     using O5 and O6                        |     0 |       |            |           |       |
| CLB Registers                              | 51414 |     0 |          0 |    155520 | 33.06 |
|   Register driven from within the CLB      | 33425 |       |            |           |       |
|   Register driven from outside the CLB     | 17989 |       |            |           |       |
|     LUT in front of the register is unused | 12076 |       |            |           |       |
|     LUT in front of the register is used   |  5913 |       |            |           |       |
| Unique Control Sets                        |  2428 |       |          0 |     19440 | 12.49 |
+--------------------------------------------+-------+-------+------------+-----------+-------+
* * Note: Available Control Sets calculated as Slices * 2, Review the Control Sets Report for more information regarding control sets.


3. BLOCKRAM
-----------

+-------------------+------+-------+------------+-----------+-------+
|     Site Type     | Used | Fixed | Prohibited | Available | Util% |
+-------------------+------+-------+------------+-----------+-------+
| Block RAM Tile    |   90 |     0 |          0 |       144 | 62.50 |
|   RAMB36/FIFO*    |   90 |     0 |          0 |       144 | 62.50 |
|     RAMB36E2 only |   90 |       |            |           |       |
|   RAMB18          |    0 |     0 |          0 |       288 |  0.00 |
+-------------------+------+-------+------------+-----------+-------+
* Note: Each Block RAM Tile only has one FIFO logic available and therefore can accommodate only one FIFO36E2 or one FIFO18E2. However, if a FIFO18E2 occupies a Block RAM Tile, that tile can still accommodate a RAMB18E2


4. ARITHMETIC
-------------

+-----------+------+-------+------------+-----------+-------+
| Site Type | Used | Fixed | Prohibited | Available | Util% |
+-----------+------+-------+------------+-----------+-------+
| DSPs      |    0 |     0 |          0 |       576 |  0.00 |
+-----------+------+-------+------------+-----------+-------+


5. I/O
------

+------------------+------+-------+------------+-----------+-------+
|     Site Type    | Used | Fixed | Prohibited | Available | Util% |
+------------------+------+-------+------------+-----------+-------+
| Bonded IOB       |    2 |     2 |          0 |       228 |  0.88 |
| HPIOB_M          |    0 |     0 |          0 |        72 |  0.00 |
| HPIOB_S          |    0 |     0 |          0 |        72 |  0.00 |
| HDIOB_M          |    0 |     0 |          0 |        36 |  0.00 |
| HDIOB_S          |    0 |     0 |          0 |        36 |  0.00 |
| HPIOB_SNGL       |    2 |     2 |          0 |        12 | 16.67 |
|   INPUT          |    0 |       |            |           |       |
|   OUTPUT         |    2 |       |            |           |       |
|   BIDIR          |    0 |       |            |           |       |
| HPIOBDIFFINBUF   |    0 |     0 |          0 |        72 |  0.00 |
| HPIOBDIFFOUTBUF  |    0 |     0 |          0 |        72 |  0.00 |
| HDIOBDIFFINBUF   |    0 |     0 |          0 |        36 |  0.00 |
| BITSLICE_CONTROL |    0 |     0 |          0 |        24 |  0.00 |
| BITSLICE_RX_TX   |    0 |     0 |          0 |       936 |  0.00 |
| BITSLICE_TX      |    0 |     0 |          0 |        24 |  0.00 |
| RIU_OR           |    0 |     0 |          0 |        12 |  0.00 |
+------------------+------+-------+------------+-----------+-------+


6. CLOCK
--------

+----------------------+------+-------+------------+-----------+-------+
|       Site Type      | Used | Fixed | Prohibited | Available | Util% |
+----------------------+------+-------+------------+-----------+-------+
| GLOBAL CLOCK BUFFERs |   10 |     0 |          0 |       192 |  5.21 |
|   BUFGCE             |    0 |     0 |          0 |        84 |  0.00 |
|   BUFGCE_DIV         |    0 |     0 |          0 |        12 |  0.00 |
|   BUFG_GT            |   10 |     0 |          0 |        72 | 13.89 |
|   BUFGCTRL*          |    0 |     0 |          0 |        24 |  0.00 |
| PLL                  |    0 |     0 |          0 |         6 |  0.00 |
| MMCM                 |    0 |     0 |          0 |         3 |  0.00 |
+----------------------+------+-------+------------+-----------+-------+
* Note: Each used BUFGCTRL counts as two GLOBAL CLOCK BUFFERs. This table does not include global clocking resources, only buffer cell usage. See the Clock Utilization Report (report_clock_utilization) for detailed accounting of global clocking resource availability.


7. ADVANCED
-----------

+-----------------+------+-------+------------+-----------+--------+
|    Site Type    | Used | Fixed | Prohibited | Available |  Util% |
+-----------------+------+-------+------------+-----------+--------+
| GTHE4_CHANNEL   |    4 |     4 |          0 |        12 |  33.33 |
| GTHE4_COMMON    |    1 |     0 |          0 |         3 |  33.33 |
| OBUFDS_GTE4     |    0 |     0 |          0 |         6 |   0.00 |
| OBUFDS_GTE4_ADV |    0 |     0 |          0 |         6 |   0.00 |
| PCIE4CE4        |    1 |     1 |          0 |         1 | 100.00 |
| SYSMONE4        |    0 |     0 |          0 |         1 |   0.00 |
+-----------------+------+-------+------------+-----------+--------+


8. CONFIGURATION
----------------

+-------------+------+-------+------------+-----------+-------+
|  Site Type  | Used | Fixed | Prohibited | Available | Util% |
+-------------+------+-------+------------+-----------+-------+
| BSCANE2     |    0 |     0 |          0 |         4 |  0.00 |
| DNA_PORTE2  |    0 |     0 |          0 |         1 |  0.00 |
| EFUSE_USR   |    0 |     0 |          0 |         1 |  0.00 |
| FRAME_ECCE4 |    0 |     0 |          0 |         1 |  0.00 |
| ICAPE3      |    0 |     0 |          0 |         2 |  0.00 |
| MASTER_JTAG |    0 |     0 |          0 |         1 |  0.00 |
| STARTUPE3   |    0 |     0 |          0 |         1 |  0.00 |
+-------------+------+-------+------------+-----------+-------+


9. Primitives
-------------

+---------------+-------+---------------------+
|    Ref Name   |  Used | Functional Category |
+---------------+-------+---------------------+
| FDRE          | 50261 |            Register |
| LUT6          | 15208 |                 CLB |
| LUT3          | 14282 |                 CLB |
| RAMD32        |  9224 |                 CLB |
| LUT5          |  8358 |                 CLB |
| LUT4          |  7859 |                 CLB |
| LUT2          |  4023 |                 CLB |
| RAMS32        |  1334 |                 CLB |
| MUXF7         |   861 |                 CLB |
| CARRY8        |   860 |                 CLB |
| LUT1          |   787 |                 CLB |
| FDSE          |   671 |            Register |
| FDCE          |   349 |            Register |
| FDPE          |   133 |            Register |
| MUXF8         |    91 |                 CLB |
| RAMB36E2      |    90 |            BLOCKRAM |
| SRL16E        |    87 |                 CLB |
| SRLC32E       |    24 |                 CLB |
| BUFG_GT       |    10 |               Clock |
| BUFG_GT_SYNC  |     5 |               Clock |
| GTHE4_CHANNEL |     4 |            Advanced |
| OBUF          |     2 |                 I/O |
| PCIE4CE4      |     1 |            Advanced |
| IBUFDS_GTE4   |     1 |                 I/O |
| GTHE4_COMMON  |     1 |            Advanced |
+---------------+-------+---------------------+


10. Black Boxes
---------------

+----------+------+
| Ref Name | Used |
+----------+------+


11. Instantiated Netlists
-------------------------

+----------+------+
| Ref Name | Used |
+----------+------+


